[debug] [2026-07-15T18:56:17.446Z] ----------------------------------------------------------------------
[debug] [2026-07-15T18:56:17.450Z] Command:       /opt/homebrew/Cellar/node/21.7.3/bin/node /opt/homebrew/bin/firebase deploy --only functions
[debug] [2026-07-15T18:56:17.451Z] CLI Version:   15.18.0
[debug] [2026-07-15T18:56:17.451Z] Platform:      darwin
[debug] [2026-07-15T18:56:17.451Z] Node Version:  v21.7.3
[debug] [2026-07-15T18:56:17.451Z] Time:          Wed Jul 15 2026 14:56:17 GMT-0400 (Eastern Daylight Time)
[debug] [2026-07-15T18:56:17.451Z] ----------------------------------------------------------------------
[debug] 
[debug] [2026-07-15T18:56:17.452Z] >>> [apiv2][query] GET https://firebase-public.firebaseio.com/cli.json [none]
[debug] [2026-07-15T18:56:18.258Z] > command requires scopes: ["email","openid","https://www.googleapis.com/auth/cloudplatformprojects.readonly","https://www.googleapis.com/auth/firebase","https://www.googleapis.com/auth/cloud-platform"]
[debug] [2026-07-15T18:56:18.258Z] > authorizing via signed-in user (jmstickney@gmail.com)
[debug] [2026-07-15T18:56:18.258Z] [iam] checking project bennys-3c368 for permissions ["cloudfunctions.functions.create","cloudfunctions.functions.delete","cloudfunctions.functions.get","cloudfunctions.functions.list","cloudfunctions.functions.update","cloudfunctions.operations.get","firebase.projects.get"]
[debug] [2026-07-15T18:56:18.258Z] Checked if tokens are valid: false, expires at: 1782247911222
[debug] [2026-07-15T18:56:18.258Z] Checked if tokens are valid: false, expires at: 1782247911222
[debug] [2026-07-15T18:56:18.259Z] > refreshing access token with scopes: []
[debug] [2026-07-15T18:56:18.259Z] >>> [apiv2][query] POST https://www.googleapis.com/oauth2/v3/token [none]
[debug] [2026-07-15T18:56:18.259Z] >>> [apiv2][body] POST https://www.googleapis.com/oauth2/v3/token [omitted]
[debug] [2026-07-15T18:56:18.381Z] <<< [apiv2][status] GET https://firebase-public.firebaseio.com/cli.json 200
[debug] [2026-07-15T18:56:18.381Z] <<< [apiv2][body] GET https://firebase-public.firebaseio.com/cli.json {"cloudBuildErrorAfter":1594252800000,"cloudBuildWarnAfter":1590019200000,"defaultNode10After":1594252800000,"minVersion":"3.0.5","node8DeploysDisabledAfter":1613390400000,"node8RuntimeDisabledAfter":1615809600000,"node8WarnAfter":1600128000000}
[debug] [2026-07-15T18:56:18.391Z] <<< [apiv2][status] POST https://www.googleapis.com/oauth2/v3/token 200
[debug] [2026-07-15T18:56:18.391Z] <<< [apiv2][body] POST https://www.googleapis.com/oauth2/v3/token [omitted]
[debug] [2026-07-15T18:56:18.401Z] >>> [apiv2][query] POST https://cloudresourcemanager.googleapis.com/v1/projects/bennys-3c368:testIamPermissions [none]
[debug] [2026-07-15T18:56:18.401Z] >>> [apiv2][(partial)header] POST https://cloudresourcemanager.googleapis.com/v1/projects/bennys-3c368:testIamPermissions  x-goog-user-project=bennys-3c368
[debug] [2026-07-15T18:56:18.401Z] >>> [apiv2][body] POST https://cloudresourcemanager.googleapis.com/v1/projects/bennys-3c368:testIamPermissions {"permissions":["cloudfunctions.functions.create","cloudfunctions.functions.delete","cloudfunctions.functions.get","cloudfunctions.functions.list","cloudfunctions.functions.update","cloudfunctions.operations.get","firebase.projects.get"]}
[debug] [2026-07-15T18:56:18.708Z] <<< [apiv2][status] POST https://cloudresourcemanager.googleapis.com/v1/projects/bennys-3c368:testIamPermissions 200
[debug] [2026-07-15T18:56:18.708Z] <<< [apiv2][body] POST https://cloudresourcemanager.googleapis.com/v1/projects/bennys-3c368:testIamPermissions {"permissions":["cloudfunctions.functions.create","cloudfunctions.functions.delete","cloudfunctions.functions.get","cloudfunctions.functions.list","cloudfunctions.functions.update","cloudfunctions.operations.get","firebase.projects.get"]}
[debug] [2026-07-15T18:56:18.709Z] Checked if tokens are valid: true, expires at: 1784145377392
[debug] [2026-07-15T18:56:18.709Z] Checked if tokens are valid: true, expires at: 1784145377392
[debug] [2026-07-15T18:56:18.709Z] >>> [apiv2][query] POST https://iam.googleapis.com/v1/projects/bennys-3c368/serviceAccounts/bennys-3c368@appspot.gserviceaccount.com:testIamPermissions [none]
[debug] [2026-07-15T18:56:18.709Z] >>> [apiv2][body] POST https://iam.googleapis.com/v1/projects/bennys-3c368/serviceAccounts/bennys-3c368@appspot.gserviceaccount.com:testIamPermissions {"permissions":["iam.serviceAccounts.actAs"]}
[debug] [2026-07-15T18:56:18.865Z] <<< [apiv2][status] POST https://iam.googleapis.com/v1/projects/bennys-3c368/serviceAccounts/bennys-3c368@appspot.gserviceaccount.com:testIamPermissions 200
[debug] [2026-07-15T18:56:18.865Z] <<< [apiv2][body] POST https://iam.googleapis.com/v1/projects/bennys-3c368/serviceAccounts/bennys-3c368@appspot.gserviceaccount.com:testIamPermissions {"permissions":["iam.serviceAccounts.actAs"]}
[info] 
[info] === Deploying to 'bennys-3c368'...
[info] 
[info] i  deploying functions 
[info] Running command: npm --prefix "$RESOURCE_DIR" run lint
[info] Running command: npm --prefix "$RESOURCE_DIR" run build
[info] ✔  functions: Finished running predeploy script. 
[debug] [2026-07-15T18:56:22.786Z] Checked if tokens are valid: true, expires at: 1784145377392
[debug] [2026-07-15T18:56:22.786Z] Checked if tokens are valid: true, expires at: 1784145377392
[debug] [2026-07-15T18:56:22.786Z] >>> [apiv2][query] GET https://cloudresourcemanager.googleapis.com/v1/projects/bennys-3c368 [none]
[debug] [2026-07-15T18:56:22.904Z] <<< [apiv2][status] GET https://cloudresourcemanager.googleapis.com/v1/projects/bennys-3c368 200
[debug] [2026-07-15T18:56:22.904Z] <<< [apiv2][body] GET https://cloudresourcemanager.googleapis.com/v1/projects/bennys-3c368 {"projectNumber":"244592447334","projectId":"bennys-3c368","lifecycleState":"ACTIVE","name":"Ben App","labels":{"firebase":"enabled","firebase-core":"disabled"},"createTime":"2025-12-17T02:39:33.929618Z"}
[info] i  functions: preparing codebase default for deployment 
[info] i  functions: ensuring required API cloudfunctions.googleapis.com is enabled... 
[info] i  functions: ensuring required API cloudbuild.googleapis.com is enabled... 
[info] i  artifactregistry: ensuring required API artifactregistry.googleapis.com is enabled... 
[debug] [2026-07-15T18:56:22.905Z] Checked if tokens are valid: true, expires at: 1784145377392
[debug] [2026-07-15T18:56:22.905Z] Checked if tokens are valid: true, expires at: 1784145377392
[debug] [2026-07-15T18:56:22.905Z] >>> [apiv2][query] GET https://firebase.googleapis.com/v1beta1/projects/bennys-3c368/adminSdkConfig [none]
[debug] [2026-07-15T18:56:23.167Z] <<< [apiv2][status] GET https://firebase.googleapis.com/v1beta1/projects/bennys-3c368/adminSdkConfig 200
[debug] [2026-07-15T18:56:23.167Z] <<< [apiv2][body] GET https://firebase.googleapis.com/v1beta1/projects/bennys-3c368/adminSdkConfig {"projectId":"bennys-3c368","storageBucket":"bennys-3c368.firebasestorage.app"}
[debug] [2026-07-15T18:56:23.167Z] Checked if tokens are valid: true, expires at: 1784145377392
[debug] [2026-07-15T18:56:23.167Z] Checked if tokens are valid: true, expires at: 1784145377392
[debug] [2026-07-15T18:56:23.167Z] >>> [apiv2][query] GET https://runtimeconfig.googleapis.com/v1beta1/projects/bennys-3c368/configs [none]
[debug] [2026-07-15T18:56:23.428Z] <<< [apiv2][status] GET https://runtimeconfig.googleapis.com/v1beta1/projects/bennys-3c368/configs 200
[debug] [2026-07-15T18:56:23.428Z] <<< [apiv2][body] GET https://runtimeconfig.googleapis.com/v1beta1/projects/bennys-3c368/configs {"configs":[{"name":"projects/bennys-3c368/configs/plaid"}]}
[debug] [2026-07-15T18:56:23.428Z] Checked if tokens are valid: true, expires at: 1784145377392
[debug] [2026-07-15T18:56:23.428Z] Checked if tokens are valid: true, expires at: 1784145377392
[debug] [2026-07-15T18:56:23.428Z] >>> [apiv2][query] GET https://runtimeconfig.googleapis.com/v1beta1/projects/bennys-3c368/configs/plaid/variables [none]
[debug] [2026-07-15T18:56:23.567Z] <<< [apiv2][status] GET https://runtimeconfig.googleapis.com/v1beta1/projects/bennys-3c368/configs/plaid/variables 200
[debug] [2026-07-15T18:56:23.568Z] <<< [apiv2][body] GET https://runtimeconfig.googleapis.com/v1beta1/projects/bennys-3c368/configs/plaid/variables {"variables":[{"name":"projects/bennys-3c368/configs/plaid/variables/secret","updateTime":"2026-02-05T22:02:25.190587620Z"},{"name":"projects/bennys-3c368/configs/plaid/variables/client_id","updateTime":"2026-01-30T14:53:37.983145443Z"}]}
[debug] [2026-07-15T18:56:23.569Z] Checked if tokens are valid: true, expires at: 1784145377392
[debug] [2026-07-15T18:56:23.569Z] Checked if tokens are valid: true, expires at: 1784145377392
[debug] [2026-07-15T18:56:23.569Z] Checked if tokens are valid: true, expires at: 1784145377392
[debug] [2026-07-15T18:56:23.569Z] Checked if tokens are valid: true, expires at: 1784145377392
[debug] [2026-07-15T18:56:23.569Z] >>> [apiv2][query] GET https://runtimeconfig.googleapis.com/v1beta1/projects/bennys-3c368/configs/plaid/variables/secret [none]
[debug] [2026-07-15T18:56:23.570Z] >>> [apiv2][query] GET https://runtimeconfig.googleapis.com/v1beta1/projects/bennys-3c368/configs/plaid/variables/client_id [none]
[debug] [2026-07-15T18:56:23.696Z] <<< [apiv2][status] GET https://runtimeconfig.googleapis.com/v1beta1/projects/bennys-3c368/configs/plaid/variables/secret 200
[debug] [2026-07-15T18:56:23.696Z] <<< [apiv2][body] GET https://runtimeconfig.googleapis.com/v1beta1/projects/bennys-3c368/configs/plaid/variables/secret {"name":"projects/bennys-3c368/configs/plaid/variables/secret","updateTime":"2026-02-05T22:02:25.190587620Z","text":"9c1af786e38e11b9ca16cc5b76e8e3"}
[debug] [2026-07-15T18:56:23.742Z] <<< [apiv2][status] GET https://runtimeconfig.googleapis.com/v1beta1/projects/bennys-3c368/configs/plaid/variables/client_id 200
[debug] [2026-07-15T18:56:23.742Z] <<< [apiv2][body] GET https://runtimeconfig.googleapis.com/v1beta1/projects/bennys-3c368/configs/plaid/variables/client_id {"name":"projects/bennys-3c368/configs/plaid/variables/client_id","updateTime":"2026-01-30T14:53:37.983145443Z","text":"693b7b00afaeda002126e309"}
[debug] [2026-07-15T18:56:23.744Z] Validating nodejs source
[warn] ⚠  functions: Runtime Node.js 20 was deprecated on 2026-04-30 and will be decommissioned on 2026-10-30, after which you will not be able to deploy without upgrading. Consider upgrading now to avoid disruption. See https://cloud.google.com/functions/docs/runtime-support for full details on the lifecycle policy 
[warn] ⚠  functions: package.json indicates an outdated version of firebase-functions. Please upgrade using npm install --save firebase-functions@latest in your functions directory. 
[warn] ⚠  functions: Please note that there will be breaking changes when you upgrade. 
[debug] [2026-07-15T18:56:24.054Z] > [functions] package.json contents: {
  "name": "functions",
  "description": "Cloud Functions for Firebase",
  "scripts": {
    "lint": "eslint --ext .js,.ts .",
    "build": "tsc",
    "build:watch": "tsc --watch",
    "serve": "npm run build && firebase emulators:start --only functions",
    "shell": "npm run build && firebase functions:shell",
    "start": "npm run shell",
    "deploy": "firebase deploy --only functions",
    "logs": "firebase functions:log"
  },
  "engines": {
    "node": "20"
  },
  "main": "lib/index.js",
  "dependencies": {
    "axios": "^1.13.4",
    "firebase-admin": "^12.0.0",
    "firebase-functions": "^5.0.0",
    "plaid": "^28.0.0"
  },
  "devDependencies": {
    "@typescript-eslint/eslint-plugin": "^5.12.0",
    "@typescript-eslint/parser": "^5.12.0",
    "eslint": "^8.9.0",
    "eslint-config-google": "^0.14.0",
    "eslint-plugin-import": "^2.25.4",
    "typescript": "^4.9.0"
  },
  "private": true
}
[debug] [2026-07-15T18:56:24.054Z] Building nodejs source
[info] i  functions: Loading and analyzing source code for codebase default to determine what to deploy 
[debug] [2026-07-15T18:56:24.054Z] Could not find functions.yaml. Must use http discovery
[debug] [2026-07-15T18:56:24.059Z] Found firebase-functions binary at '/Users/jonathanstickney/Desktop/code/benefits/functions/node_modules/.bin/firebase-functions'
[info] Serving at port 8161

[debug] [2026-07-15T18:56:24.402Z] Got response from /__/functions.yaml {"endpoints":{"createLinkToken":{"platform":"gcfv1","labels":{},"availableMemoryMb":null,"timeoutSeconds":null,"minInstances":null,"maxInstances":null,"ingressSettings":null,"serviceAccountEmail":null,"vpc":null,"callableTrigger":{},"entryPoint":"createLinkToken"},"exchangePublicToken":{"platform":"gcfv1","labels":{},"availableMemoryMb":null,"timeoutSeconds":null,"minInstances":null,"maxInstances":null,"ingressSettings":null,"serviceAccountEmail":null,"vpc":null,"callableTrigger":{},"entryPoint":"exchangePublicToken"},"refreshTransactions":{"platform":"gcfv1","labels":{},"availableMemoryMb":1024,"timeoutSeconds":540,"minInstances":null,"maxInstances":null,"ingressSettings":null,"serviceAccountEmail":null,"vpc":null,"callableTrigger":{},"entryPoint":"refreshTransactions"},"getAccounts":{"platform":"gcfv1","labels":{},"availableMemoryMb":null,"timeoutSeconds":null,"minInstances":null,"maxInstances":null,"ingressSettings":null,"serviceAccountEmail":null,"vpc":null,"callableTrigger":{},"entryPoint":"getAccounts"},"syncTransactions":{"platform":"gcfv1","availableMemoryMb":1024,"timeoutSeconds":540,"minInstances":null,"maxInstances":null,"ingressSettings":null,"serviceAccountEmail":null,"vpc":null,"scheduleTrigger":{"schedule":"every 24 hours","retryConfig":{"retryCount":null,"maxDoublings":null,"maxRetryDuration":null,"maxBackoffDuration":null,"minBackoffDuration":null},"timeZone":null},"labels":{},"entryPoint":"syncTransactions"},"deleteAccount":{"platform":"gcfv1","labels":{},"availableMemoryMb":512,"timeoutSeconds":300,"minInstances":null,"maxInstances":null,"ingressSettings":null,"serviceAccountEmail":null,"vpc":null,"callableTrigger":{},"entryPoint":"deleteAccount"},"populateDemoData":{"platform":"gcfv1","labels":{},"availableMemoryMb":null,"timeoutSeconds":null,"minInstances":null,"maxInstances":null,"ingressSettings":null,"serviceAccountEmail":null,"vpc":null,"callableTrigger":{},"entryPoint":"populateDemoData"},"plaidWebhook":{"platform":"gcfv1","availableMemoryMb":1024,"timeoutSeconds":540,"minInstances":null,"maxInstances":null,"ingressSettings":null,"serviceAccountEmail":null,"vpc":null,"httpsTrigger":{},"entryPoint":"plaidWebhook"},"fireTestWebhook":{"platform":"gcfv1","labels":{},"availableMemoryMb":null,"timeoutSeconds":null,"minInstances":null,"maxInstances":null,"ingressSettings":null,"serviceAccountEmail":null,"vpc":null,"callableTrigger":{},"entryPoint":"fireTestWebhook"},"testFunction":{"platform":"gcfv1","labels":{},"availableMemoryMb":null,"timeoutSeconds":null,"minInstances":null,"maxInstances":null,"ingressSettings":null,"serviceAccountEmail":null,"vpc":null,"callableTrigger":{},"entryPoint":"testFunction"}},"specVersion":"v1alpha1","requiredAPIs":[{"api":"cloudscheduler.googleapis.com","reason":"Needed for scheduled functions."}],"extensions":{}}
[debug] [2026-07-15T18:56:29.427Z] Checked if tokens are valid: true, expires at: 1784145377392
[debug] [2026-07-15T18:56:29.427Z] Checked if tokens are valid: true, expires at: 1784145377392
[debug] [2026-07-15T18:56:29.427Z] >>> [apiv2][query] GET https://cloudfunctions.googleapis.com/v1/projects/bennys-3c368/locations/-/functions [none]
[debug] [2026-07-15T18:56:30.057Z] <<< [apiv2][status] GET https://cloudfunctions.googleapis.com/v1/projects/bennys-3c368/locations/-/functions 200
[debug] [2026-07-15T18:56:30.057Z] <<< [apiv2][body] GET https://cloudfunctions.googleapis.com/v1/projects/bennys-3c368/locations/-/functions {"functions":[{"name":"projects/bennys-3c368/locations/us-central1/functions/exchangePublicToken","httpsTrigger":{"url":"https://us-central1-bennys-3c368.cloudfunctions.net/exchangePublicToken","securityLevel":"SECURE_ALWAYS"},"status":"ACTIVE","entryPoint":"exchangePublicToken","timeout":"60s","availableMemoryMb":256,"serviceAccountEmail":"bennys-3c368@appspot.gserviceaccount.com","updateTime":"2026-06-23T19:53:05.183Z","versionId":"15","labels":{"deployment-tool":"cli-firebase","deployment-callable":"true","firebase-functions-hash":"7c4c313771fc0fe9c95c3d5224d131d3f487f9e8"},"sourceUploadUrl":"https://storage.googleapis.com/uploads-530016672016.us-central1.cloudfunctions.appspot.com/fa3cf157-d550-4b8d-aa18-2607bb593b61.zip","environmentVariables":{"FIREBASE_CONFIG":"{\"projectId\":\"bennys-3c368\",\"storageBucket\":\"bennys-3c368.firebasestorage.app\"}","GCLOUD_PROJECT":"bennys-3c368","EVENTARC_CLOUD_EVENT_SOURCE":"projects/bennys-3c368/locations/us-central1/functions/exchangePublicToken"},"runtime":"nodejs20","ingressSettings":"ALLOW_ALL","buildId":"3a2bcf31-8db5-4425-9b5e-411d407f3186","buildEnvironmentVariables":{"GOOGLE_NODE_RUN_SCRIPTS":""},"buildName":"projects/244592447334/locations/us-central1/builds/3a2bcf31-8db5-4425-9b5e-411d407f3186","dockerRegistry":"ARTIFACT_REGISTRY","automaticUpdatePolicy":{},"buildServiceAccount":"projects/bennys-3c368/serviceAccounts/244592447334-compute@developer.gserviceaccount.com","satisfiesPzi":true},{"name":"projects/bennys-3c368/locations/us-central1/functions/getAccounts","httpsTrigger":{"url":"https://us-central1-bennys-3c368.cloudfunctions.net/getAccounts","securityLevel":"SECURE_ALWAYS"},"status":"ACTIVE","entryPoint":"getAccounts","timeout":"60s","availableMemoryMb":256,"serviceAccountEmail":"bennys-3c368@appspot.gserviceaccount.com","updateTime":"2026-06-23T19:53:08.285Z","versionId":"6","labels":{"firebase-functions-hash":"7c4c313771fc0fe9c95c3d5224d131d3f487f9e8","deployment-tool":"cli-firebase","deployment-callable":"true"},"sourceUploadUrl":"https://storage.googleapis.com/uploads-530016672016.us-central1.cloudfunctions.appspot.com/fa3cf157-d550-4b8d-aa18-2607bb593b61.zip","environmentVariables":{"FIREBASE_CONFIG":"{\"projectId\":\"bennys-3c368\",\"storageBucket\":\"bennys-3c368.firebasestorage.app\"}","GCLOUD_PROJECT":"bennys-3c368","EVENTARC_CLOUD_EVENT_SOURCE":"projects/bennys-3c368/locations/us-central1/functions/getAccounts"},"runtime":"nodejs20","ingressSettings":"ALLOW_ALL","buildId":"3a2bcf31-8db5-4425-9b5e-411d407f3186","buildEnvironmentVariables":{"GOOGLE_NODE_RUN_SCRIPTS":""},"buildName":"projects/244592447334/locations/us-central1/builds/3a2bcf31-8db5-4425-9b5e-411d407f3186","dockerRegistry":"ARTIFACT_REGISTRY","automaticUpdatePolicy":{},"buildServiceAccount":"projects/bennys-3c368/serviceAccounts/244592447334-compute@developer.gserviceaccount.com","satisfiesPzi":true},{"name":"projects/bennys-3c368/locations/us-central1/functions/createLinkToken","httpsTrigger":{"url":"https://us-central1-bennys-3c368.cloudfunctions.net/createLinkToken","securityLevel":"SECURE_ALWAYS"},"status":"ACTIVE","entryPoint":"createLinkToken","timeout":"60s","availableMemoryMb":256,"serviceAccountEmail":"bennys-3c368@appspot.gserviceaccount.com","updateTime":"2026-06-23T19:53:05.709Z","versionId":"16","labels":{"deployment-tool":"cli-firebase","deployment-callable":"true","firebase-functions-hash":"7c4c313771fc0fe9c95c3d5224d131d3f487f9e8"},"sourceUploadUrl":"https://storage.googleapis.com/uploads-530016672016.us-central1.cloudfunctions.appspot.com/fa3cf157-d550-4b8d-aa18-2607bb593b61.zip","environmentVariables":{"FIREBASE_CONFIG":"{\"projectId\":\"bennys-3c368\",\"storageBucket\":\"bennys-3c368.firebasestorage.app\"}","GCLOUD_PROJECT":"bennys-3c368","EVENTARC_CLOUD_EVENT_SOURCE":"projects/bennys-3c368/locations/us-central1/functions/createLinkToken"},"runtime":"nodejs20","ingressSettings":"ALLOW_ALL","buildId":"3a2bcf31-8db5-4425-9b5e-411d407f3186","buildEnvironmentVariables":{"GOOGLE_NODE_RUN_SCRIPTS":""},"buildName":"projects/244592447334/locations/us-central1/builds/3a2bcf31-8db5-4425-9b5e-411d407f3186","dockerRegistry":"ARTIFACT_REGISTRY","automaticUpdatePolicy":{},"buildServiceAccount":"projects/bennys-3c368/serviceAccounts/244592447334-compute@developer.gserviceaccount.com","satisfiesPzi":true},{"name":"projects/bennys-3c368/locations/us-central1/functions/testFunction","httpsTrigger":{"url":"https://us-central1-bennys-3c368.cloudfunctions.net/testFunction","securityLevel":"SECURE_ALWAYS"},"status":"ACTIVE","entryPoint":"testFunction","timeout":"60s","availableMemoryMb":256,"serviceAccountEmail":"bennys-3c368@appspot.gserviceaccount.com","updateTime":"2026-06-23T19:53:11.029Z","versionId":"15","labels":{"firebase-functions-hash":"7c4c313771fc0fe9c95c3d5224d131d3f487f9e8","deployment-tool":"cli-firebase","deployment-callable":"true"},"sourceUploadUrl":"https://storage.googleapis.com/uploads-530016672016.us-central1.cloudfunctions.appspot.com/fa3cf157-d550-4b8d-aa18-2607bb593b61.zip","environmentVariables":{"FIREBASE_CONFIG":"{\"projectId\":\"bennys-3c368\",\"storageBucket\":\"bennys-3c368.firebasestorage.app\"}","GCLOUD_PROJECT":"bennys-3c368","EVENTARC_CLOUD_EVENT_SOURCE":"projects/bennys-3c368/locations/us-central1/functions/testFunction"},"runtime":"nodejs20","ingressSettings":"ALLOW_ALL","buildId":"3a2bcf31-8db5-4425-9b5e-411d407f3186","buildEnvironmentVariables":{"GOOGLE_NODE_RUN_SCRIPTS":""},"buildName":"projects/244592447334/locations/us-central1/builds/3a2bcf31-8db5-4425-9b5e-411d407f3186","dockerRegistry":"ARTIFACT_REGISTRY","automaticUpdatePolicy":{},"buildServiceAccount":"projects/bennys-3c368/serviceAccounts/244592447334-compute@developer.gserviceaccount.com","satisfiesPzi":true},{"name":"projects/bennys-3c368/locations/us-central1/functions/plaidWebhook","httpsTrigger":{"url":"https://us-central1-bennys-3c368.cloudfunctions.net/plaidWebhook","securityLevel":"SECURE_ALWAYS"},"status":"ACTIVE","entryPoint":"plaidWebhook","timeout":"540s","availableMemoryMb":1024,"serviceAccountEmail":"bennys-3c368@appspot.gserviceaccount.com","updateTime":"2026-06-23T19:53:08.429Z","versionId":"13","labels":{"deployment-tool":"cli-firebase","firebase-functions-hash":"7c4c313771fc0fe9c95c3d5224d131d3f487f9e8"},"sourceUploadUrl":"https://storage.googleapis.com/uploads-530016672016.us-central1.cloudfunctions.appspot.com/fa3cf157-d550-4b8d-aa18-2607bb593b61.zip","environmentVariables":{"FIREBASE_CONFIG":"{\"projectId\":\"bennys-3c368\",\"storageBucket\":\"bennys-3c368.firebasestorage.app\"}","GCLOUD_PROJECT":"bennys-3c368","EVENTARC_CLOUD_EVENT_SOURCE":"projects/bennys-3c368/locations/us-central1/functions/plaidWebhook"},"runtime":"nodejs20","ingressSettings":"ALLOW_ALL","buildId":"34917825-a3fc-4c91-9142-2140232f619e","buildEnvironmentVariables":{"GOOGLE_NODE_RUN_SCRIPTS":""},"buildName":"projects/244592447334/locations/us-central1/builds/34917825-a3fc-4c91-9142-2140232f619e","dockerRegistry":"ARTIFACT_REGISTRY","automaticUpdatePolicy":{},"buildServiceAccount":"projects/bennys-3c368/serviceAccounts/244592447334-compute@developer.gserviceaccount.com","satisfiesPzi":true},{"name":"projects/bennys-3c368/locations/us-central1/functions/populateDemoData","httpsTrigger":{"url":"https://us-central1-bennys-3c368.cloudfunctions.net/populateDemoData","securityLevel":"SECURE_ALWAYS"},"status":"ACTIVE","entryPoint":"populateDemoData","timeout":"60s","availableMemoryMb":256,"serviceAccountEmail":"bennys-3c368@appspot.gserviceaccount.com","updateTime":"2026-06-23T19:53:11.258Z","versionId":"15","labels":{"deployment-tool":"cli-firebase","deployment-callable":"true","firebase-functions-hash":"7c4c313771fc0fe9c95c3d5224d131d3f487f9e8"},"sourceUploadUrl":"https://storage.googleapis.com/uploads-530016672016.us-central1.cloudfunctions.appspot.com/fa3cf157-d550-4b8d-aa18-2607bb593b61.zip","environmentVariables":{"FIREBASE_CONFIG":"{\"projectId\":\"bennys-3c368\",\"storageBucket\":\"bennys-3c368.firebasestorage.app\"}","GCLOUD_PROJECT":"bennys-3c368","EVENTARC_CLOUD_EVENT_SOURCE":"projects/bennys-3c368/locations/us-central1/functions/populateDemoData"},"runtime":"nodejs20","ingressSettings":"ALLOW_ALL","buildId":"3a2bcf31-8db5-4425-9b5e-411d407f3186","buildEnvironmentVariables":{"GOOGLE_NODE_RUN_SCRIPTS":""},"buildName":"projects/244592447334/locations/us-central1/builds/3a2bcf31-8db5-4425-9b5e-411d407f3186","dockerRegistry":"ARTIFACT_REGISTRY","automaticUpdatePolicy":{},"buildServiceAccount":"projects/bennys-3c368/serviceAccounts/244592447334-compute@developer.gserviceaccount.com","satisfiesPzi":true},{"name":"projects/bennys-3c368/locations/us-central1/functions/fireTestWebhook","httpsTrigger":{"url":"https://us-central1-bennys-3c368.cloudfunctions.net/fireTestWebhook","securityLevel":"SECURE_ALWAYS"},"status":"ACTIVE","entryPoint":"fireTestWebhook","timeout":"60s","availableMemoryMb":256,"serviceAccountEmail":"bennys-3c368@appspot.gserviceaccount.com","updateTime":"2026-06-23T19:53:11.548Z","versionId":"13","labels":{"deployment-callable":"true","firebase-functions-hash":"7c4c313771fc0fe9c95c3d5224d131d3f487f9e8","deployment-tool":"cli-firebase"},"sourceUploadUrl":"https://storage.googleapis.com/uploads-530016672016.us-central1.cloudfunctions.appspot.com/fa3cf157-d550-4b8d-aa18-2607bb593b61.zip","environmentVariables":{"FIREBASE_CONFIG":"{\"projectId\":\"bennys-3c368\",\"storageBucket\":\"bennys-3c368.firebasestorage.app\"}","GCLOUD_PROJECT":"bennys-3c368","EVENTARC_CLOUD_EVENT_SOURCE":"projects/bennys-3c368/locations/us-central1/functions/fireTestWebhook"},"runtime":"nodejs20","ingressSettings":"ALLOW_ALL","buildId":"3a2bcf31-8db5-4425-9b5e-411d407f3186","buildEnvironmentVariables":{"GOOGLE_NODE_RUN_SCRIPTS":""},"buildName":"projects/244592447334/locations/us-central1/builds/3a2bcf31-8db5-4425-9b5e-411d407f3186","dockerRegistry":"ARTIFACT_REGISTRY","automaticUpdatePolicy":{},"buildServiceAccount":"projects/bennys-3c368/serviceAccounts/244592447334-compute@developer.gserviceaccount.com","satisfiesPzi":true},{"name":"projects/bennys-3c368/locations/us-central1/functions/refreshTransactions","httpsTrigger":{"url":"https://us-central1-bennys-3c368.cloudfunctions.net/refreshTransactions","securityLevel":"SECURE_ALWAYS"},"status":"ACTIVE","entryPoint":"refreshTransactions","timeout":"540s","availableMemoryMb":1024,"serviceAccountEmail":"bennys-3c368@appspot.gserviceaccount.com","updateTime":"2026-06-23T19:53:04.547Z","versionId":"2","labels":{"firebase-functions-hash":"7c4c313771fc0fe9c95c3d5224d131d3f487f9e8","deployment-tool":"cli-firebase","deployment-callable":"true"},"sourceUploadUrl":"https://storage.googleapis.com/uploads-530016672016.us-central1.cloudfunctions.appspot.com/fa3cf157-d550-4b8d-aa18-2607bb593b61.zip","environmentVariables":{"FIREBASE_CONFIG":"{\"projectId\":\"bennys-3c368\",\"storageBucket\":\"bennys-3c368.firebasestorage.app\"}","GCLOUD_PROJECT":"bennys-3c368","EVENTARC_CLOUD_EVENT_SOURCE":"projects/bennys-3c368/locations/us-central1/functions/refreshTransactions"},"runtime":"nodejs20","ingressSettings":"ALLOW_ALL","buildId":"34917825-a3fc-4c91-9142-2140232f619e","buildEnvironmentVariables":{"GOOGLE_NODE_RUN_SCRIPTS":""},"buildName":"projects/244592447334/locations/us-central1/builds/34917825-a3fc-4c91-9142-2140232f619e","dockerRegistry":"ARTIFACT_REGISTRY","automaticUpdatePolicy":{},"buildServiceAccount":"projects/bennys-3c368/serviceAccounts/244592447334-compute@developer.gserviceaccount.com","satisfiesPzi":true},{"name":"projects/bennys-3c368/locations/us-central1/functions/syncTransactions","eventTrigger":{"eventType":"google.pubsub.topic.publish","resource":"projects/bennys-3c368/topics/firebase-schedule-syncTransactions-us-central1","service":"pubsub.googleapis.com","failurePolicy":{}},"status":"ACTIVE","entryPoint":"syncTransactions","timeout":"540s","availableMemoryMb":1024,"serviceAccountEmail":"bennys-3c368@appspot.gserviceaccount.com","updateTime":"2026-06-23T19:53:11.724Z","versionId":"16","labels":{"deployment-tool":"cli-firebase","deployment-scheduled":"true","firebase-functions-hash":"7c4c313771fc0fe9c95c3d5224d131d3f487f9e8"},"sourceUploadUrl":"https://storage.googleapis.com/uploads-530016672016.us-central1.cloudfunctions.appspot.com/fa3cf157-d550-4b8d-aa18-2607bb593b61.zip","environmentVariables":{"FIREBASE_CONFIG":"{\"projectId\":\"bennys-3c368\",\"storageBucket\":\"bennys-3c368.firebasestorage.app\"}","GCLOUD_PROJECT":"bennys-3c368","EVENTARC_CLOUD_EVENT_SOURCE":"projects/bennys-3c368/locations/us-central1/functions/syncTransactions"},"runtime":"nodejs20","maxInstances":3000,"ingressSettings":"ALLOW_ALL","buildId":"34917825-a3fc-4c91-9142-2140232f619e","buildEnvironmentVariables":{"GOOGLE_NODE_RUN_SCRIPTS":""},"buildName":"projects/244592447334/locations/us-central1/builds/34917825-a3fc-4c91-9142-2140232f619e","dockerRegistry":"ARTIFACT_REGISTRY","automaticUpdatePolicy":{},"buildServiceAccount":"projects/bennys-3c368/serviceAccounts/244592447334-compute@developer.gserviceaccount.com","satisfiesPzi":true}]}
[debug] [2026-07-15T18:56:30.058Z] Checked if tokens are valid: true, expires at: 1784145377392
[debug] [2026-07-15T18:56:30.058Z] Checked if tokens are valid: true, expires at: 1784145377392
[debug] [2026-07-15T18:56:30.058Z] >>> [apiv2][query] GET https://cloudfunctions.googleapis.com/v2/projects/bennys-3c368/locations/-/functions filter=environment%3D%22GEN_2%22
[debug] [2026-07-15T18:56:30.541Z] <<< [apiv2][status] GET https://cloudfunctions.googleapis.com/v2/projects/bennys-3c368/locations/-/functions 200
[debug] [2026-07-15T18:56:30.541Z] <<< [apiv2][body] GET https://cloudfunctions.googleapis.com/v2/projects/bennys-3c368/locations/-/functions {}
[info] i  extensions: ensuring required API firebaseextensions.googleapis.com is enabled... 
[debug] [2026-07-15T18:56:30.543Z] > command requires scopes: ["email","openid","https://www.googleapis.com/auth/cloudplatformprojects.readonly","https://www.googleapis.com/auth/firebase","https://www.googleapis.com/auth/cloud-platform"]
[debug] [2026-07-15T18:56:30.543Z] > authorizing via signed-in user (jmstickney@gmail.com)
[debug] [2026-07-15T18:56:30.543Z] [iam] checking project bennys-3c368 for permissions ["firebase.projects.get","firebaseextensions.instances.list"]
[debug] [2026-07-15T18:56:30.544Z] Checked if tokens are valid: true, expires at: 1784145377392
[debug] [2026-07-15T18:56:30.544Z] Checked if tokens are valid: true, expires at: 1784145377392
[debug] [2026-07-15T18:56:30.544Z] >>> [apiv2][query] POST https://cloudresourcemanager.googleapis.com/v1/projects/bennys-3c368:testIamPermissions [none]
[debug] [2026-07-15T18:56:30.544Z] >>> [apiv2][(partial)header] POST https://cloudresourcemanager.googleapis.com/v1/projects/bennys-3c368:testIamPermissions  x-goog-user-project=bennys-3c368
[debug] [2026-07-15T18:56:30.544Z] >>> [apiv2][body] POST https://cloudresourcemanager.googleapis.com/v1/projects/bennys-3c368:testIamPermissions {"permissions":["firebase.projects.get","firebaseextensions.instances.list"]}
[debug] [2026-07-15T18:56:30.649Z] <<< [apiv2][status] POST https://cloudresourcemanager.googleapis.com/v1/projects/bennys-3c368:testIamPermissions 200
[debug] [2026-07-15T18:56:30.649Z] <<< [apiv2][body] POST https://cloudresourcemanager.googleapis.com/v1/projects/bennys-3c368:testIamPermissions {"permissions":["firebase.projects.get","firebaseextensions.instances.list"]}
[debug] [2026-07-15T18:56:30.649Z] Checked if tokens are valid: true, expires at: 1784145377392
[debug] [2026-07-15T18:56:30.649Z] Checked if tokens are valid: true, expires at: 1784145377392
[debug] [2026-07-15T18:56:30.650Z] >>> [apiv2][query] GET https://firebaseextensions.googleapis.com/v1beta/projects/bennys-3c368/instances pageSize=100&pageToken=
[debug] [2026-07-15T18:56:31.097Z] <<< [apiv2][status] GET https://firebaseextensions.googleapis.com/v1beta/projects/bennys-3c368/instances 200
[debug] [2026-07-15T18:56:31.097Z] <<< [apiv2][body] GET https://firebaseextensions.googleapis.com/v1beta/projects/bennys-3c368/instances {}
[info] i  functions: preparing functions directory for uploading... 
[info] i  functions: packaged /Users/jonathanstickney/Desktop/code/benefits/functions (85.01 KB) for uploading 
[info] i  functions: ensuring required API cloudscheduler.googleapis.com is enabled... 
[debug] [2026-07-15T18:56:31.148Z] Checked if tokens are valid: true, expires at: 1784145377392
[debug] [2026-07-15T18:56:31.148Z] Checked if tokens are valid: true, expires at: 1784145377392
[debug] [2026-07-15T18:56:31.148Z] >>> [apiv2][query] GET https://cloudresourcemanager.googleapis.com/v1/projects/bennys-3c368 [none]
[debug] [2026-07-15T18:56:31.290Z] <<< [apiv2][status] GET https://cloudresourcemanager.googleapis.com/v1/projects/bennys-3c368 200
[debug] [2026-07-15T18:56:31.290Z] <<< [apiv2][body] GET https://cloudresourcemanager.googleapis.com/v1/projects/bennys-3c368 {"projectNumber":"244592447334","projectId":"bennys-3c368","lifecycleState":"ACTIVE","name":"Ben App","labels":{"firebase":"enabled","firebase-core":"disabled"},"createTime":"2025-12-17T02:39:33.929618Z"}
[debug] [2026-07-15T18:56:31.291Z] Checked if tokens are valid: true, expires at: 1784145377392
[debug] [2026-07-15T18:56:31.291Z] Checked if tokens are valid: true, expires at: 1784145377392
[debug] [2026-07-15T18:56:31.291Z] >>> [apiv2][query] GET https://cloudbilling.googleapis.com/v1/projects/bennys-3c368/billingInfo [none]
[debug] [2026-07-15T18:56:31.636Z] <<< [apiv2][status] GET https://cloudbilling.googleapis.com/v1/projects/bennys-3c368/billingInfo 200
[debug] [2026-07-15T18:56:31.636Z] <<< [apiv2][body] GET https://cloudbilling.googleapis.com/v1/projects/bennys-3c368/billingInfo {"name":"projects/bennys-3c368/billingInfo","projectId":"bennys-3c368","billingAccountName":"billingAccounts/014CE2-714CE2-E32D84","billingEnabled":true}
[debug] [2026-07-15T18:56:31.638Z] Checked if tokens are valid: true, expires at: 1784145377392
[debug] [2026-07-15T18:56:31.638Z] Checked if tokens are valid: true, expires at: 1784145377392
[debug] [2026-07-15T18:56:31.638Z] >>> [apiv2][query] POST https://cloudfunctions.googleapis.com/v1/projects/bennys-3c368/locations/us-central1/functions:generateUploadUrl [none]
[debug] [2026-07-15T18:56:31.638Z] >>> [apiv2][body] POST https://cloudfunctions.googleapis.com/v1/projects/bennys-3c368/locations/us-central1/functions:generateUploadUrl {}
[debug] [2026-07-15T18:56:32.338Z] <<< [apiv2][status] POST https://cloudfunctions.googleapis.com/v1/projects/bennys-3c368/locations/us-central1/functions:generateUploadUrl 200
[debug] [2026-07-15T18:56:32.338Z] <<< [apiv2][body] POST https://cloudfunctions.googleapis.com/v1/projects/bennys-3c368/locations/us-central1/functions:generateUploadUrl {"uploadUrl":"https://storage.googleapis.com/uploads-530016672016.us-central1.cloudfunctions.appspot.com/31e1f847-1bbb-4cbe-b27a-f966e5facc36.zip?GoogleAccessId=service-244592447334@gcf-admin-robot.iam.gserviceaccount.com&Expires=1784143592&Signature=vjFOYDT%2BSGDhnBgYdLPiaGSJSa4CjW6LIxoIMkx9Y0Szpv2wu7bHlba65zGRQgbDEVfwXr68zfQAfOgSMZazv%2FPJHvb525NSPfVGEBnsZ1gCBYRUFG0KxurL98EGgAiNm%2BHv0iePZ6teJ7F4NCilFOz%2BlC%2B5oyB4Kf%2B%2BfBeXn2QofbyIIgrVzL59INvdRSXrDPRddwXeNEkqfJvaNL2Du0JjexZezO9H9Rwe5ZmqoMakJNrlzv995o37VMV97WPPvA3uJ3bO1lfVtuspeaHVGqFjYglMbYsnDiu9FKKYrtMV2hZSJrUw0GsY3gMD4pCObddhXIhM0zvr9zYt0EtPAA%3D%3D"}
[debug] [2026-07-15T18:56:32.340Z] >>> [apiv2][query] PUT https://storage.googleapis.com/uploads-530016672016.us-central1.cloudfunctions.appspot.com/31e1f847-1bbb-4cbe-b27a-f966e5facc36.zip GoogleAccessId=service-244592447334%40gcf-admin-robot.iam.gserviceaccount.com&Expires=1784143592&Signature=vjFOYDT%2BSGDhnBgYdLPiaGSJSa4CjW6LIxoIMkx9Y0Szpv2wu7bHlba65zGRQgbDEVfwXr68zfQAfOgSMZazv%2FPJHvb525NSPfVGEBnsZ1gCBYRUFG0KxurL98EGgAiNm%2BHv0iePZ6teJ7F4NCilFOz%2BlC%2B5oyB4Kf%2B%2BfBeXn2QofbyIIgrVzL59INvdRSXrDPRddwXeNEkqfJvaNL2Du0JjexZezO9H9Rwe5ZmqoMakJNrlzv995o37VMV97WPPvA3uJ3bO1lfVtuspeaHVGqFjYglMbYsnDiu9FKKYrtMV2hZSJrUw0GsY3gMD4pCObddhXIhM0zvr9zYt0EtPAA%3D%3D
[debug] [2026-07-15T18:56:32.340Z] >>> [apiv2][body] PUT https://storage.googleapis.com/uploads-530016672016.us-central1.cloudfunctions.appspot.com/31e1f847-1bbb-4cbe-b27a-f966e5facc36.zip [stream]
[debug] [2026-07-15T18:56:32.648Z] <<< [apiv2][status] PUT https://storage.googleapis.com/uploads-530016672016.us-central1.cloudfunctions.appspot.com/31e1f847-1bbb-4cbe-b27a-f966e5facc36.zip 200
[debug] [2026-07-15T18:56:32.648Z] <<< [apiv2][body] PUT https://storage.googleapis.com/uploads-530016672016.us-central1.cloudfunctions.appspot.com/31e1f847-1bbb-4cbe-b27a-f966e5facc36.zip [omitted]
[info] ✔  functions: functions source uploaded successfully 
[info] i  functions: creating Node.js 20 (1st Gen) function deleteAccount(us-central1)... 
[info] i  functions: updating Node.js 20 (1st Gen) function createLinkToken(us-central1)... 
[info] i  functions: updating Node.js 20 (1st Gen) function exchangePublicToken(us-central1)... 
[info] i  functions: updating Node.js 20 (1st Gen) function getAccounts(us-central1)... 
[info] i  functions: updating Node.js 20 (1st Gen) function populateDemoData(us-central1)... 
[info] i  functions: updating Node.js 20 (1st Gen) function fireTestWebhook(us-central1)... 
[info] i  functions: updating Node.js 20 (1st Gen) function testFunction(us-central1)... 
[info] i  functions: updating Node.js 20 (1st Gen) function refreshTransactions(us-central1)... 
[info] i  functions: updating Node.js 20 (1st Gen) function syncTransactions(us-central1)... 
[info] i  functions: updating Node.js 20 (1st Gen) function plaidWebhook(us-central1)... 
[debug] [2026-07-15T18:56:32.657Z] Checked if tokens are valid: true, expires at: 1784145377392
[debug] [2026-07-15T18:56:32.657Z] Checked if tokens are valid: true, expires at: 1784145377392
[debug] [2026-07-15T18:56:32.657Z] Checked if tokens are valid: true, expires at: 1784145377392
[debug] [2026-07-15T18:56:32.658Z] Checked if tokens are valid: true, expires at: 1784145377392
[debug] [2026-07-15T18:56:32.658Z] Checked if tokens are valid: true, expires at: 1784145377392
[debug] [2026-07-15T18:56:32.658Z] Checked if tokens are valid: true, expires at: 1784145377392
[debug] [2026-07-15T18:56:32.658Z] >>> [apiv2][query] POST https://cloudfunctions.googleapis.com/v1/projects/bennys-3c368/locations/us-central1/functions [none]
[debug] [2026-07-15T18:56:32.658Z] >>> [apiv2][body] POST https://cloudfunctions.googleapis.com/v1/projects/bennys-3c368/locations/us-central1/functions {"name":"projects/bennys-3c368/locations/us-central1/functions/deleteAccount","sourceUploadUrl":"https://storage.googleapis.com/uploads-530016672016.us-central1.cloudfunctions.appspot.com/31e1f847-1bbb-4cbe-b27a-f966e5facc36.zip?GoogleAccessId=service-244592447334@gcf-admin-robot.iam.gserviceaccount.com&Expires=1784143592&Signature=vjFOYDT%2BSGDhnBgYdLPiaGSJSa4CjW6LIxoIMkx9Y0Szpv2wu7bHlba65zGRQgbDEVfwXr68zfQAfOgSMZazv%2FPJHvb525NSPfVGEBnsZ1gCBYRUFG0KxurL98EGgAiNm%2BHv0iePZ6teJ7F4NCilFOz%2BlC%2B5oyB4Kf%2B%2BfBeXn2QofbyIIgrVzL59INvdRSXrDPRddwXeNEkqfJvaNL2Du0JjexZezO9H9Rwe5ZmqoMakJNrlzv995o37VMV97WPPvA3uJ3bO1lfVtuspeaHVGqFjYglMbYsnDiu9FKKYrtMV2hZSJrUw0GsY3gMD4pCObddhXIhM0zvr9zYt0EtPAA%3D%3D","entryPoint":"deleteAccount","runtime":"nodejs20","dockerRegistry":"ARTIFACT_REGISTRY","labels":{"deployment-tool":"cli-firebase","deployment-callable":"true","firebase-functions-hash":"fdb77daf88dcdea400fb4a27200895910543672d"},"httpsTrigger":{"securityLevel":"SECURE_ALWAYS"},"minInstances":null,"maxInstances":null,"ingressSettings":null,"environmentVariables":{"FIREBASE_CONFIG":"{\"projectId\":\"bennys-3c368\",\"storageBucket\":\"bennys-3c368.firebasestorage.app\"}","GCLOUD_PROJECT":"bennys-3c368","EVENTARC_CLOUD_EVENT_SOURCE":"projects/bennys-3c368/locations/us-central1/functions/deleteAccount"},"serviceAccountEmail":null,"availableMemoryMb":512,"timeout":"300s","vpcConnector":null,"vpcConnectorEgressSettings":null,"buildEnvironmentVariables":{"GOOGLE_NODE_RUN_SCRIPTS":""}}
[debug] [2026-07-15T18:56:32.658Z] >>> [apiv2][query] PATCH https://cloudfunctions.googleapis.com/v1/projects/bennys-3c368/locations/us-central1/functions/createLinkToken updateMask=name%2CsourceUploadUrl%2CentryPoint%2Cruntime%2CdockerRegistry%2Clabels%2ChttpsTrigger.securityLevel%2CminInstances%2CmaxInstances%2CingressSettings%2CenvironmentVariables%2CserviceAccountEmail%2CavailableMemoryMb%2Ctimeout%2CvpcConnector%2CvpcConnectorEgressSettings%2CsourceToken%2CbuildEnvironmentVariables
[debug] [2026-07-15T18:56:32.658Z] >>> [apiv2][body] PATCH https://cloudfunctions.googleapis.com/v1/projects/bennys-3c368/locations/us-central1/functions/createLinkToken {"name":"projects/bennys-3c368/locations/us-central1/functions/createLinkToken","sourceUploadUrl":"https://storage.googleapis.com/uploads-530016672016.us-central1.cloudfunctions.appspot.com/31e1f847-1bbb-4cbe-b27a-f966e5facc36.zip?GoogleAccessId=service-244592447334@gcf-admin-robot.iam.gserviceaccount.com&Expires=1784143592&Signature=vjFOYDT%2BSGDhnBgYdLPiaGSJSa4CjW6LIxoIMkx9Y0Szpv2wu7bHlba65zGRQgbDEVfwXr68zfQAfOgSMZazv%2FPJHvb525NSPfVGEBnsZ1gCBYRUFG0KxurL98EGgAiNm%2BHv0iePZ6teJ7F4NCilFOz%2BlC%2B5oyB4Kf%2B%2BfBeXn2QofbyIIgrVzL59INvdRSXrDPRddwXeNEkqfJvaNL2Du0JjexZezO9H9Rwe5ZmqoMakJNrlzv995o37VMV97WPPvA3uJ3bO1lfVtuspeaHVGqFjYglMbYsnDiu9FKKYrtMV2hZSJrUw0GsY3gMD4pCObddhXIhM0zvr9zYt0EtPAA%3D%3D","entryPoint":"createLinkToken","runtime":"nodejs20","dockerRegistry":"ARTIFACT_REGISTRY","labels":{"deployment-tool":"cli-firebase","deployment-callable":"true","firebase-functions-hash":"fdb77daf88dcdea400fb4a27200895910543672d"},"httpsTrigger":{"securityLevel":"SECURE_ALWAYS"},"minInstances":null,"maxInstances":null,"ingressSettings":null,"environmentVariables":{"FIREBASE_CONFIG":"{\"projectId\":\"bennys-3c368\",\"storageBucket\":\"bennys-3c368.firebasestorage.app\"}","GCLOUD_PROJECT":"bennys-3c368","EVENTARC_CLOUD_EVENT_SOURCE":"projects/bennys-3c368/locations/us-central1/functions/createLinkToken"},"serviceAccountEmail":null,"availableMemoryMb":null,"timeout":null,"vpcConnector":null,"vpcConnectorEgressSettings":null,"buildEnvironmentVariables":{"GOOGLE_NODE_RUN_SCRIPTS":""}}
[debug] [2026-07-15T18:56:32.661Z] >>> [apiv2][query] PATCH https://cloudfunctions.googleapis.com/v1/projects/bennys-3c368/locations/us-central1/functions/refreshTransactions updateMask=name%2CsourceUploadUrl%2CentryPoint%2Cruntime%2CdockerRegistry%2Clabels%2ChttpsTrigger.securityLevel%2CminInstances%2CmaxInstances%2CingressSettings%2CenvironmentVariables%2CserviceAccountEmail%2CavailableMemoryMb%2Ctimeout%2CvpcConnector%2CvpcConnectorEgressSettings%2CsourceToken%2CbuildEnvironmentVariables
[debug] [2026-07-15T18:56:32.661Z] >>> [apiv2][body] PATCH https://cloudfunctions.googleapis.com/v1/projects/bennys-3c368/locations/us-central1/functions/refreshTransactions {"name":"projects/bennys-3c368/locations/us-central1/functions/refreshTransactions","sourceUploadUrl":"https://storage.googleapis.com/uploads-530016672016.us-central1.cloudfunctions.appspot.com/31e1f847-1bbb-4cbe-b27a-f966e5facc36.zip?GoogleAccessId=service-244592447334@gcf-admin-robot.iam.gserviceaccount.com&Expires=1784143592&Signature=vjFOYDT%2BSGDhnBgYdLPiaGSJSa4CjW6LIxoIMkx9Y0Szpv2wu7bHlba65zGRQgbDEVfwXr68zfQAfOgSMZazv%2FPJHvb525NSPfVGEBnsZ1gCBYRUFG0KxurL98EGgAiNm%2BHv0iePZ6teJ7F4NCilFOz%2BlC%2B5oyB4Kf%2B%2BfBeXn2QofbyIIgrVzL59INvdRSXrDPRddwXeNEkqfJvaNL2Du0JjexZezO9H9Rwe5ZmqoMakJNrlzv995o37VMV97WPPvA3uJ3bO1lfVtuspeaHVGqFjYglMbYsnDiu9FKKYrtMV2hZSJrUw0GsY3gMD4pCObddhXIhM0zvr9zYt0EtPAA%3D%3D","entryPoint":"refreshTransactions","runtime":"nodejs20","dockerRegistry":"ARTIFACT_REGISTRY","labels":{"deployment-tool":"cli-firebase","deployment-callable":"true","firebase-functions-hash":"fdb77daf88dcdea400fb4a27200895910543672d"},"httpsTrigger":{"securityLevel":"SECURE_ALWAYS"},"minInstances":null,"maxInstances":null,"ingressSettings":null,"environmentVariables":{"FIREBASE_CONFIG":"{\"projectId\":\"bennys-3c368\",\"storageBucket\":\"bennys-3c368.firebasestorage.app\"}","GCLOUD_PROJECT":"bennys-3c368","EVENTARC_CLOUD_EVENT_SOURCE":"projects/bennys-3c368/locations/us-central1/functions/refreshTransactions"},"serviceAccountEmail":null,"availableMemoryMb":1024,"timeout":"540s","vpcConnector":null,"vpcConnectorEgressSettings":null,"buildEnvironmentVariables":{"GOOGLE_NODE_RUN_SCRIPTS":""}}
[debug] [2026-07-15T18:56:33.282Z] <<< [apiv2][status] POST https://cloudfunctions.googleapis.com/v1/projects/bennys-3c368/locations/us-central1/functions 200
[debug] [2026-07-15T18:56:33.282Z] <<< [apiv2][body] POST https://cloudfunctions.googleapis.com/v1/projects/bennys-3c368/locations/us-central1/functions {"name":"operations/cHJvamVjdHMvYmVubnlzLTNjMzY4L2xvY2F0aW9ucy91cy1jZW50cmFsMS9vcGVyYXRpb25zL29wZXJhdGlvbi0xNzg0MTQxNzkyODIyLTY1NmFhZTFjYTQzMjItYTkzNWQzZmYtNzQ3YjBhYWE","metadata":{"@type":"type.googleapis.com/google.cloud.functions.v1.OperationMetadataV1","target":"projects/bennys-3c368/locations/us-central1/functions/deleteAccount","updateTime":"2026-07-15T18:56:33.231474369Z"}}
[debug] [2026-07-15T18:56:33.283Z] Checked if tokens are valid: true, expires at: 1784145377392
[debug] [2026-07-15T18:56:33.283Z] Checked if tokens are valid: true, expires at: 1784145377392
[debug] [2026-07-15T18:56:33.283Z] >>> [apiv2][query] GET https://cloudfunctions.googleapis.com/v1/operations/cHJvamVjdHMvYmVubnlzLTNjMzY4L2xvY2F0aW9ucy91cy1jZW50cmFsMS9vcGVyYXRpb25zL29wZXJhdGlvbi0xNzg0MTQxNzkyODIyLTY1NmFhZTFjYTQzMjItYTkzNWQzZmYtNzQ3YjBhYWE [none]
[debug] [2026-07-15T18:56:33.390Z] <<< [apiv2][status] PATCH https://cloudfunctions.googleapis.com/v1/projects/bennys-3c368/locations/us-central1/functions/refreshTransactions 200
[debug] [2026-07-15T18:56:33.390Z] <<< [apiv2][body] PATCH https://cloudfunctions.googleapis.com/v1/projects/bennys-3c368/locations/us-central1/functions/refreshTransactions {"name":"operations/YmVubnlzLTNjMzY4L3VzLWNlbnRyYWwxL3JlZnJlc2hUcmFuc2FjdGlvbnMvdUUtWks1NWFkaWs","metadata":{"@type":"type.googleapis.com/google.cloud.functions.v1.OperationMetadataV1","target":"projects/bennys-3c368/locations/us-central1/functions/refreshTransactions","type":"UPDATE_FUNCTION","request":{"@type":"type.googleapis.com/google.cloud.functions.v1.CloudFunction","name":"projects/bennys-3c368/locations/us-central1/functions/refreshTransactions","httpsTrigger":{"url":"https://us-central1-bennys-3c368.cloudfunctions.net/refreshTransactions","securityLevel":"SECURE_ALWAYS"},"status":"ACTIVE","entryPoint":"refreshTransactions","timeout":"540s","availableMemoryMb":1024,"updateTime":"2026-06-23T19:53:04.547Z","versionId":"2","labels":{"deployment-tool":"cli-firebase","deployment-callable":"true","firebase-functions-hash":"fdb77daf88dcdea400fb4a27200895910543672d"},"sourceUploadUrl":"https://storage.googleapis.com/uploads-530016672016.us-central1.cloudfunctions.appspot.com/31e1f847-1bbb-4cbe-b27a-f966e5facc36.zip?GoogleAccessId=service-244592447334@gcf-admin-robot.iam.gserviceaccount.com&Expires=1784143592&Signature=vjFOYDT%2BSGDhnBgYdLPiaGSJSa4CjW6LIxoIMkx9Y0Szpv2wu7bHlba65zGRQgbDEVfwXr68zfQAfOgSMZazv%2FPJHvb525NSPfVGEBnsZ1gCBYRUFG0KxurL98EGgAiNm%2BHv0iePZ6teJ7F4NCilFOz%2BlC%2B5oyB4Kf%2B%2BfBeXn2QofbyIIgrVzL59INvdRSXrDPRddwXeNEkqfJvaNL2Du0JjexZezO9H9Rwe5ZmqoMakJNrlzv995o37VMV97WPPvA3uJ3bO1lfVtuspeaHVGqFjYglMbYsnDiu9FKKYrtMV2hZSJrUw0GsY3gMD4pCObddhXIhM0zvr9zYt0EtPAA%3D%3D","environmentVariables":{"FIREBASE_CONFIG":"{\"projectId\":\"bennys-3c368\",\"storageBucket\":\"bennys-3c368.firebasestorage.app\"}","GCLOUD_PROJECT":"bennys-3c368","EVENTARC_CLOUD_EVENT_SOURCE":"projects/bennys-3c368/locations/us-central1/functions/refreshTransactions"},"runtime":"nodejs20","buildId":"34917825-a3fc-4c91-9142-2140232f619e","buildEnvironmentVariables":{"GOOGLE_NODE_RUN_SCRIPTS":""},"buildName":"projects/244592447334/locations/us-central1/builds/34917825-a3fc-4c91-9142-2140232f619e","dockerRegistry":"ARTIFACT_REGISTRY","automaticUpdatePolicy":{},"buildServiceAccount":"projects/bennys-3c368/serviceAccounts/244592447334-compute@developer.gserviceaccount.com"},"versionId":"3","updateTime":"2026-07-15T18:56:33Z"}}
[debug] [2026-07-15T18:56:33.390Z] Checked if tokens are valid: true, expires at: 1784145377392
[debug] [2026-07-15T18:56:33.390Z] Checked if tokens are valid: true, expires at: 1784145377392
[debug] [2026-07-15T18:56:33.390Z] >>> [apiv2][query] GET https://cloudfunctions.googleapis.com/v1/operations/YmVubnlzLTNjMzY4L3VzLWNlbnRyYWwxL3JlZnJlc2hUcmFuc2FjdGlvbnMvdUUtWks1NWFkaWs [none]
[debug] [2026-07-15T18:56:33.391Z] <<< [apiv2][status] PATCH https://cloudfunctions.googleapis.com/v1/projects/bennys-3c368/locations/us-central1/functions/createLinkToken 200
[debug] [2026-07-15T18:56:33.391Z] <<< [apiv2][body] PATCH https://cloudfunctions.googleapis.com/v1/projects/bennys-3c368/locations/us-central1/functions/createLinkToken {"name":"operations/YmVubnlzLTNjMzY4L3VzLWNlbnRyYWwxL2NyZWF0ZUxpbmtUb2tlbi9XWVp5a0Z1bTZ5MA","metadata":{"@type":"type.googleapis.com/google.cloud.functions.v1.OperationMetadataV1","target":"projects/bennys-3c368/locations/us-central1/functions/createLinkToken","type":"UPDATE_FUNCTION","request":{"@type":"type.googleapis.com/google.cloud.functions.v1.CloudFunction","name":"projects/bennys-3c368/locations/us-central1/functions/createLinkToken","httpsTrigger":{"url":"https://us-central1-bennys-3c368.cloudfunctions.net/createLinkToken","securityLevel":"SECURE_ALWAYS"},"status":"ACTIVE","entryPoint":"createLinkToken","updateTime":"2026-06-23T19:53:05.709Z","versionId":"16","labels":{"deployment-tool":"cli-firebase","deployment-callable":"true","firebase-functions-hash":"fdb77daf88dcdea400fb4a27200895910543672d"},"sourceUploadUrl":"https://storage.googleapis.com/uploads-530016672016.us-central1.cloudfunctions.appspot.com/31e1f847-1bbb-4cbe-b27a-f966e5facc36.zip?GoogleAccessId=service-244592447334@gcf-admin-robot.iam.gserviceaccount.com&Expires=1784143592&Signature=vjFOYDT%2BSGDhnBgYdLPiaGSJSa4CjW6LIxoIMkx9Y0Szpv2wu7bHlba65zGRQgbDEVfwXr68zfQAfOgSMZazv%2FPJHvb525NSPfVGEBnsZ1gCBYRUFG0KxurL98EGgAiNm%2BHv0iePZ6teJ7F4NCilFOz%2BlC%2B5oyB4Kf%2B%2BfBeXn2QofbyIIgrVzL59INvdRSXrDPRddwXeNEkqfJvaNL2Du0JjexZezO9H9Rwe5ZmqoMakJNrlzv995o37VMV97WPPvA3uJ3bO1lfVtuspeaHVGqFjYglMbYsnDiu9FKKYrtMV2hZSJrUw0GsY3gMD4pCObddhXIhM0zvr9zYt0EtPAA%3D%3D","environmentVariables":{"FIREBASE_CONFIG":"{\"projectId\":\"bennys-3c368\",\"storageBucket\":\"bennys-3c368.firebasestorage.app\"}","GCLOUD_PROJECT":"bennys-3c368","EVENTARC_CLOUD_EVENT_SOURCE":"projects/bennys-3c368/locations/us-central1/functions/createLinkToken"},"runtime":"nodejs20","buildId":"3a2bcf31-8db5-4425-9b5e-411d407f3186","buildEnvironmentVariables":{"GOOGLE_NODE_RUN_SCRIPTS":""},"buildName":"projects/244592447334/locations/us-central1/builds/3a2bcf31-8db5-4425-9b5e-411d407f3186","dockerRegistry":"ARTIFACT_REGISTRY","automaticUpdatePolicy":{},"buildServiceAccount":"projects/bennys-3c368/serviceAccounts/244592447334-compute@developer.gserviceaccount.com"},"versionId":"17","updateTime":"2026-07-15T18:56:33Z"}}
[debug] [2026-07-15T18:56:33.391Z] Checked if tokens are valid: true, expires at: 1784145377392
[debug] [2026-07-15T18:56:33.391Z] Checked if tokens are valid: true, expires at: 1784145377392
[debug] [2026-07-15T18:56:33.391Z] >>> [apiv2][query] GET https://cloudfunctions.googleapis.com/v1/operations/YmVubnlzLTNjMzY4L3VzLWNlbnRyYWwxL2NyZWF0ZUxpbmtUb2tlbi9XWVp5a0Z1bTZ5MA [none]
[debug] [2026-07-15T18:56:33.458Z] <<< [apiv2][status] GET https://cloudfunctions.googleapis.com/v1/operations/cHJvamVjdHMvYmVubnlzLTNjMzY4L2xvY2F0aW9ucy91cy1jZW50cmFsMS9vcGVyYXRpb25zL29wZXJhdGlvbi0xNzg0MTQxNzkyODIyLTY1NmFhZTFjYTQzMjItYTkzNWQzZmYtNzQ3YjBhYWE 200
[debug] [2026-07-15T18:56:33.458Z] <<< [apiv2][body] GET https://cloudfunctions.googleapis.com/v1/operations/cHJvamVjdHMvYmVubnlzLTNjMzY4L2xvY2F0aW9ucy91cy1jZW50cmFsMS9vcGVyYXRpb25zL29wZXJhdGlvbi0xNzg0MTQxNzkyODIyLTY1NmFhZTFjYTQzMjItYTkzNWQzZmYtNzQ3YjBhYWE {"name":"operations/cHJvamVjdHMvYmVubnlzLTNjMzY4L2xvY2F0aW9ucy91cy1jZW50cmFsMS9vcGVyYXRpb25zL29wZXJhdGlvbi0xNzg0MTQxNzkyODIyLTY1NmFhZTFjYTQzMjItYTkzNWQzZmYtNzQ3YjBhYWE","metadata":{"@type":"type.googleapis.com/google.cloud.functions.v1.OperationMetadataV1","target":"projects/bennys-3c368/locations/us-central1/functions/deleteAccount","updateTime":"2026-07-15T18:56:33.231474369Z"}}
[debug] [2026-07-15T18:56:33.558Z] <<< [apiv2][status] GET https://cloudfunctions.googleapis.com/v1/operations/YmVubnlzLTNjMzY4L3VzLWNlbnRyYWwxL3JlZnJlc2hUcmFuc2FjdGlvbnMvdUUtWks1NWFkaWs 200
[debug] [2026-07-15T18:56:33.558Z] <<< [apiv2][body] GET https://cloudfunctions.googleapis.com/v1/operations/YmVubnlzLTNjMzY4L3VzLWNlbnRyYWwxL3JlZnJlc2hUcmFuc2FjdGlvbnMvdUUtWks1NWFkaWs {"name":"operations/YmVubnlzLTNjMzY4L3VzLWNlbnRyYWwxL3JlZnJlc2hUcmFuc2FjdGlvbnMvdUUtWks1NWFkaWs","metadata":{"@type":"type.googleapis.com/google.cloud.functions.v1.OperationMetadataV1","target":"projects/bennys-3c368/locations/us-central1/functions/refreshTransactions","type":"UPDATE_FUNCTION","request":{"@type":"type.googleapis.com/google.cloud.functions.v1.CloudFunction","name":"projects/bennys-3c368/locations/us-central1/functions/refreshTransactions","httpsTrigger":{"url":"https://us-central1-bennys-3c368.cloudfunctions.net/refreshTransactions","securityLevel":"SECURE_ALWAYS"},"status":"ACTIVE","entryPoint":"refreshTransactions","timeout":"540s","availableMemoryMb":1024,"updateTime":"2026-06-23T19:53:04.547Z","versionId":"2","labels":{"deployment-tool":"cli-firebase","deployment-callable":"true","firebase-functions-hash":"fdb77daf88dcdea400fb4a27200895910543672d"},"sourceUploadUrl":"https://storage.googleapis.com/uploads-530016672016.us-central1.cloudfunctions.appspot.com/31e1f847-1bbb-4cbe-b27a-f966e5facc36.zip?GoogleAccessId=service-244592447334@gcf-admin-robot.iam.gserviceaccount.com&Expires=1784143592&Signature=vjFOYDT%2BSGDhnBgYdLPiaGSJSa4CjW6LIxoIMkx9Y0Szpv2wu7bHlba65zGRQgbDEVfwXr68zfQAfOgSMZazv%2FPJHvb525NSPfVGEBnsZ1gCBYRUFG0KxurL98EGgAiNm%2BHv0iePZ6teJ7F4NCilFOz%2BlC%2B5oyB4Kf%2B%2BfBeXn2QofbyIIgrVzL59INvdRSXrDPRddwXeNEkqfJvaNL2Du0JjexZezO9H9Rwe5ZmqoMakJNrlzv995o37VMV97WPPvA3uJ3bO1lfVtuspeaHVGqFjYglMbYsnDiu9FKKYrtMV2hZSJrUw0GsY3gMD4pCObddhXIhM0zvr9zYt0EtPAA%3D%3D","environmentVariables":{"FIREBASE_CONFIG":"{\"projectId\":\"bennys-3c368\",\"storageBucket\":\"bennys-3c368.firebasestorage.app\"}","GCLOUD_PROJECT":"bennys-3c368","EVENTARC_CLOUD_EVENT_SOURCE":"projects/bennys-3c368/locations/us-central1/functions/refreshTransactions"},"runtime":"nodejs20","buildId":"34917825-a3fc-4c91-9142-2140232f619e","buildEnvironmentVariables":{"GOOGLE_NODE_RUN_SCRIPTS":""},"buildName":"projects/244592447334/locations/us-central1/builds/34917825-a3fc-4c91-9142-2140232f619e","dockerRegistry":"ARTIFACT_REGISTRY","automaticUpdatePolicy":{},"buildServiceAccount":"projects/bennys-3c368/serviceAccounts/244592447334-compute@developer.gserviceaccount.com"},"versionId":"3","updateTime":"2026-07-15T18:56:33Z"}}
[debug] [2026-07-15T18:56:33.636Z] <<< [apiv2][status] GET https://cloudfunctions.googleapis.com/v1/operations/YmVubnlzLTNjMzY4L3VzLWNlbnRyYWwxL2NyZWF0ZUxpbmtUb2tlbi9XWVp5a0Z1bTZ5MA 200
[debug] [2026-07-15T18:56:33.637Z] <<< [apiv2][body] GET https://cloudfunctions.googleapis.com/v1/operations/YmVubnlzLTNjMzY4L3VzLWNlbnRyYWwxL2NyZWF0ZUxpbmtUb2tlbi9XWVp5a0Z1bTZ5MA {"name":"operations/YmVubnlzLTNjMzY4L3VzLWNlbnRyYWwxL2NyZWF0ZUxpbmtUb2tlbi9XWVp5a0Z1bTZ5MA","metadata":{"@type":"type.googleapis.com/google.cloud.functions.v1.OperationMetadataV1","target":"projects/bennys-3c368/locations/us-central1/functions/createLinkToken","type":"UPDATE_FUNCTION","request":{"@type":"type.googleapis.com/google.cloud.functions.v1.CloudFunction","name":"projects/bennys-3c368/locations/us-central1/functions/createLinkToken","httpsTrigger":{"url":"https://us-central1-bennys-3c368.cloudfunctions.net/createLinkToken","securityLevel":"SECURE_ALWAYS"},"status":"ACTIVE","entryPoint":"createLinkToken","updateTime":"2026-06-23T19:53:05.709Z","versionId":"16","labels":{"deployment-tool":"cli-firebase","deployment-callable":"true","firebase-functions-hash":"fdb77daf88dcdea400fb4a27200895910543672d"},"sourceUploadUrl":"https://storage.googleapis.com/uploads-530016672016.us-central1.cloudfunctions.appspot.com/31e1f847-1bbb-4cbe-b27a-f966e5facc36.zip?GoogleAccessId=service-244592447334@gcf-admin-robot.iam.gserviceaccount.com&Expires=1784143592&Signature=vjFOYDT%2BSGDhnBgYdLPiaGSJSa4CjW6LIxoIMkx9Y0Szpv2wu7bHlba65zGRQgbDEVfwXr68zfQAfOgSMZazv%2FPJHvb525NSPfVGEBnsZ1gCBYRUFG0KxurL98EGgAiNm%2BHv0iePZ6teJ7F4NCilFOz%2BlC%2B5oyB4Kf%2B%2BfBeXn2QofbyIIgrVzL59INvdRSXrDPRddwXeNEkqfJvaNL2Du0JjexZezO9H9Rwe5ZmqoMakJNrlzv995o37VMV97WPPvA3uJ3bO1lfVtuspeaHVGqFjYglMbYsnDiu9FKKYrtMV2hZSJrUw0GsY3gMD4pCObddhXIhM0zvr9zYt0EtPAA%3D%3D","environmentVariables":{"FIREBASE_CONFIG":"{\"projectId\":\"bennys-3c368\",\"storageBucket\":\"bennys-3c368.firebasestorage.app\"}","GCLOUD_PROJECT":"bennys-3c368","EVENTARC_CLOUD_EVENT_SOURCE":"projects/bennys-3c368/locations/us-central1/functions/createLinkToken"},"runtime":"nodejs20","buildId":"3a2bcf31-8db5-4425-9b5e-411d407f3186","buildEnvironmentVariables":{"GOOGLE_NODE_RUN_SCRIPTS":""},"buildName":"projects/244592447334/locations/us-central1/builds/3a2bcf31-8db5-4425-9b5e-411d407f3186","dockerRegistry":"ARTIFACT_REGISTRY","automaticUpdatePolicy":{},"buildServiceAccount":"projects/bennys-3c368/serviceAccounts/244592447334-compute@developer.gserviceaccount.com"},"versionId":"17","updateTime":"2026-07-15T18:56:33Z"}}
[debug] [2026-07-15T18:56:33.960Z] [create-default-us-central1-deleteAccount] Retrying task index 0
[debug] [2026-07-15T18:56:33.961Z] Checked if tokens are valid: true, expires at: 1784145377392
[debug] [2026-07-15T18:56:33.961Z] Checked if tokens are valid: true, expires at: 1784145377392
[debug] [2026-07-15T18:56:33.961Z] >>> [apiv2][query] GET https://cloudfunctions.googleapis.com/v1/operations/cHJvamVjdHMvYmVubnlzLTNjMzY4L2xvY2F0aW9ucy91cy1jZW50cmFsMS9vcGVyYXRpb25zL29wZXJhdGlvbi0xNzg0MTQxNzkyODIyLTY1NmFhZTFjYTQzMjItYTkzNWQzZmYtNzQ3YjBhYWE [none]
[debug] [2026-07-15T18:56:34.059Z] [update-default-us-central1-refreshTransactions] Retrying task index 0
[debug] [2026-07-15T18:56:34.060Z] Checked if tokens are valid: true, expires at: 1784145377392
[debug] [2026-07-15T18:56:34.060Z] Checked if tokens are valid: true, expires at: 1784145377392
[debug] [2026-07-15T18:56:34.060Z] >>> [apiv2][query] GET https://cloudfunctions.googleapis.com/v1/operations/YmVubnlzLTNjMzY4L3VzLWNlbnRyYWwxL3JlZnJlc2hUcmFuc2FjdGlvbnMvdUUtWks1NWFkaWs [none]
[debug] [2026-07-15T18:56:34.090Z] <<< [apiv2][status] GET https://cloudfunctions.googleapis.com/v1/operations/cHJvamVjdHMvYmVubnlzLTNjMzY4L2xvY2F0aW9ucy91cy1jZW50cmFsMS9vcGVyYXRpb25zL29wZXJhdGlvbi0xNzg0MTQxNzkyODIyLTY1NmFhZTFjYTQzMjItYTkzNWQzZmYtNzQ3YjBhYWE 200
[debug] [2026-07-15T18:56:34.090Z] <<< [apiv2][body] GET https://cloudfunctions.googleapis.com/v1/operations/cHJvamVjdHMvYmVubnlzLTNjMzY4L2xvY2F0aW9ucy91cy1jZW50cmFsMS9vcGVyYXRpb25zL29wZXJhdGlvbi0xNzg0MTQxNzkyODIyLTY1NmFhZTFjYTQzMjItYTkzNWQzZmYtNzQ3YjBhYWE {"name":"operations/cHJvamVjdHMvYmVubnlzLTNjMzY4L2xvY2F0aW9ucy91cy1jZW50cmFsMS9vcGVyYXRpb25zL29wZXJhdGlvbi0xNzg0MTQxNzkyODIyLTY1NmFhZTFjYTQzMjItYTkzNWQzZmYtNzQ3YjBhYWE","metadata":{"@type":"type.googleapis.com/google.cloud.functions.v1.OperationMetadataV1","target":"projects/bennys-3c368/locations/us-central1/functions/deleteAccount","type":"CREATE_FUNCTION","request":{"@type":"type.googleapis.com/google.cloud.functions.v1.CloudFunction","name":"projects/bennys-3c368/locations/us-central1/functions/deleteAccount","httpsTrigger":{"securityLevel":"SECURE_ALWAYS"},"entryPoint":"deleteAccount","timeout":"300s","availableMemoryMb":512,"updateTime":"1970-01-01T00:00:00Z","labels":{"deployment-tool":"cli-firebase","deployment-callable":"true","firebase-functions-hash":"fdb77daf88dcdea400fb4a27200895910543672d"},"sourceUploadUrl":"https://storage.googleapis.com/uploads-530016672016.us-central1.cloudfunctions.appspot.com/31e1f847-1bbb-4cbe-b27a-f966e5facc36.zip?GoogleAccessId=service-244592447334@gcf-admin-robot.iam.gserviceaccount.com&Expires=1784143592&Signature=vjFOYDT%2BSGDhnBgYdLPiaGSJSa4CjW6LIxoIMkx9Y0Szpv2wu7bHlba65zGRQgbDEVfwXr68zfQAfOgSMZazv%2FPJHvb525NSPfVGEBnsZ1gCBYRUFG0KxurL98EGgAiNm%2BHv0iePZ6teJ7F4NCilFOz%2BlC%2B5oyB4Kf%2B%2BfBeXn2QofbyIIgrVzL59INvdRSXrDPRddwXeNEkqfJvaNL2Du0JjexZezO9H9Rwe5ZmqoMakJNrlzv995o37VMV97WPPvA3uJ3bO1lfVtuspeaHVGqFjYglMbYsnDiu9FKKYrtMV2hZSJrUw0GsY3gMD4pCObddhXIhM0zvr9zYt0EtPAA%3D%3D","environmentVariables":{"FIREBASE_CONFIG":"{\"projectId\":\"bennys-3c368\",\"storageBucket\":\"bennys-3c368.firebasestorage.app\"}","GCLOUD_PROJECT":"bennys-3c368","EVENTARC_CLOUD_EVENT_SOURCE":"projects/bennys-3c368/locations/us-central1/functions/deleteAccount"},"runtime":"nodejs20","buildEnvironmentVariables":{"GOOGLE_NODE_RUN_SCRIPTS":""},"dockerRegistry":"ARTIFACT_REGISTRY"},"versionId":"1","updateTime":"2026-07-15T18:56:33.231474369Z"}}
[debug] [2026-07-15T18:56:34.137Z] [update-default-us-central1-createLinkToken] Retrying task index 0
[debug] [2026-07-15T18:56:34.138Z] Checked if tokens are valid: true, expires at: 1784145377392
[debug] [2026-07-15T18:56:34.138Z] Checked if tokens are valid: true, expires at: 1784145377392
[debug] [2026-07-15T18:56:34.138Z] >>> [apiv2][query] GET https://cloudfunctions.googleapis.com/v1/operations/YmVubnlzLTNjMzY4L3VzLWNlbnRyYWwxL2NyZWF0ZUxpbmtUb2tlbi9XWVp5a0Z1bTZ5MA [none]
[debug] [2026-07-15T18:56:34.183Z] <<< [apiv2][status] GET https://cloudfunctions.googleapis.com/v1/operations/YmVubnlzLTNjMzY4L3VzLWNlbnRyYWwxL3JlZnJlc2hUcmFuc2FjdGlvbnMvdUUtWks1NWFkaWs 200
[debug] [2026-07-15T18:56:34.184Z] <<< [apiv2][body] GET https://cloudfunctions.googleapis.com/v1/operations/YmVubnlzLTNjMzY4L3VzLWNlbnRyYWwxL3JlZnJlc2hUcmFuc2FjdGlvbnMvdUUtWks1NWFkaWs {"name":"operations/YmVubnlzLTNjMzY4L3VzLWNlbnRyYWwxL3JlZnJlc2hUcmFuc2FjdGlvbnMvdUUtWks1NWFkaWs","metadata":{"@type":"type.googleapis.com/google.cloud.functions.v1.OperationMetadataV1","target":"projects/bennys-3c368/locations/us-central1/functions/refreshTransactions","type":"UPDATE_FUNCTION","request":{"@type":"type.googleapis.com/google.cloud.functions.v1.CloudFunction","name":"projects/bennys-3c368/locations/us-central1/functions/refreshTransactions","httpsTrigger":{"url":"https://us-central1-bennys-3c368.cloudfunctions.net/refreshTransactions","securityLevel":"SECURE_ALWAYS"},"status":"ACTIVE","entryPoint":"refreshTransactions","timeout":"540s","availableMemoryMb":1024,"updateTime":"2026-06-23T19:53:04.547Z","versionId":"2","labels":{"deployment-tool":"cli-firebase","deployment-callable":"true","firebase-functions-hash":"fdb77daf88dcdea400fb4a27200895910543672d"},"sourceUploadUrl":"https://storage.googleapis.com/uploads-530016672016.us-central1.cloudfunctions.appspot.com/31e1f847-1bbb-4cbe-b27a-f966e5facc36.zip?GoogleAccessId=service-244592447334@gcf-admin-robot.iam.gserviceaccount.com&Expires=1784143592&Signature=vjFOYDT%2BSGDhnBgYdLPiaGSJSa4CjW6LIxoIMkx9Y0Szpv2wu7bHlba65zGRQgbDEVfwXr68zfQAfOgSMZazv%2FPJHvb525NSPfVGEBnsZ1gCBYRUFG0KxurL98EGgAiNm%2BHv0iePZ6teJ7F4NCilFOz%2BlC%2B5oyB4Kf%2B%2BfBeXn2QofbyIIgrVzL59INvdRSXrDPRddwXeNEkqfJvaNL2Du0JjexZezO9H9Rwe5ZmqoMakJNrlzv995o37VMV97WPPvA3uJ3bO1lfVtuspeaHVGqFjYglMbYsnDiu9FKKYrtMV2hZSJrUw0GsY3gMD4pCObddhXIhM0zvr9zYt0EtPAA%3D%3D","environmentVariables":{"FIREBASE_CONFIG":"{\"projectId\":\"bennys-3c368\",\"storageBucket\":\"bennys-3c368.firebasestorage.app\"}","GCLOUD_PROJECT":"bennys-3c368","EVENTARC_CLOUD_EVENT_SOURCE":"projects/bennys-3c368/locations/us-central1/functions/refreshTransactions"},"runtime":"nodejs20","buildId":"34917825-a3fc-4c91-9142-2140232f619e","buildEnvironmentVariables":{"GOOGLE_NODE_RUN_SCRIPTS":""},"buildName":"projects/244592447334/locations/us-central1/builds/34917825-a3fc-4c91-9142-2140232f619e","dockerRegistry":"ARTIFACT_REGISTRY","automaticUpdatePolicy":{},"buildServiceAccount":"projects/bennys-3c368/serviceAccounts/244592447334-compute@developer.gserviceaccount.com"},"versionId":"3","updateTime":"2026-07-15T18:56:33Z"}}
[debug] [2026-07-15T18:56:34.343Z] <<< [apiv2][status] GET https://cloudfunctions.googleapis.com/v1/operations/YmVubnlzLTNjMzY4L3VzLWNlbnRyYWwxL2NyZWF0ZUxpbmtUb2tlbi9XWVp5a0Z1bTZ5MA 200
[debug] [2026-07-15T18:56:34.343Z] <<< [apiv2][body] GET https://cloudfunctions.googleapis.com/v1/operations/YmVubnlzLTNjMzY4L3VzLWNlbnRyYWwxL2NyZWF0ZUxpbmtUb2tlbi9XWVp5a0Z1bTZ5MA {"name":"operations/YmVubnlzLTNjMzY4L3VzLWNlbnRyYWwxL2NyZWF0ZUxpbmtUb2tlbi9XWVp5a0Z1bTZ5MA","metadata":{"@type":"type.googleapis.com/google.cloud.functions.v1.OperationMetadataV1","target":"projects/bennys-3c368/locations/us-central1/functions/createLinkToken","type":"UPDATE_FUNCTION","request":{"@type":"type.googleapis.com/google.cloud.functions.v1.CloudFunction","name":"projects/bennys-3c368/locations/us-central1/functions/createLinkToken","httpsTrigger":{"url":"https://us-central1-bennys-3c368.cloudfunctions.net/createLinkToken","securityLevel":"SECURE_ALWAYS"},"status":"ACTIVE","entryPoint":"createLinkToken","updateTime":"2026-06-23T19:53:05.709Z","versionId":"16","labels":{"deployment-tool":"cli-firebase","deployment-callable":"true","firebase-functions-hash":"fdb77daf88dcdea400fb4a27200895910543672d"},"sourceUploadUrl":"https://storage.googleapis.com/uploads-530016672016.us-central1.cloudfunctions.appspot.com/31e1f847-1bbb-4cbe-b27a-f966e5facc36.zip?GoogleAccessId=service-244592447334@gcf-admin-robot.iam.gserviceaccount.com&Expires=1784143592&Signature=vjFOYDT%2BSGDhnBgYdLPiaGSJSa4CjW6LIxoIMkx9Y0Szpv2wu7bHlba65zGRQgbDEVfwXr68zfQAfOgSMZazv%2FPJHvb525NSPfVGEBnsZ1gCBYRUFG0KxurL98EGgAiNm%2BHv0iePZ6teJ7F4NCilFOz%2BlC%2B5oyB4Kf%2B%2BfBeXn2QofbyIIgrVzL59INvdRSXrDPRddwXeNEkqfJvaNL2Du0JjexZezO9H9Rwe5ZmqoMakJNrlzv995o37VMV97WPPvA3uJ3bO1lfVtuspeaHVGqFjYglMbYsnDiu9FKKYrtMV2hZSJrUw0GsY3gMD4pCObddhXIhM0zvr9zYt0EtPAA%3D%3D","environmentVariables":{"FIREBASE_CONFIG":"{\"projectId\":\"bennys-3c368\",\"storageBucket\":\"bennys-3c368.firebasestorage.app\"}","GCLOUD_PROJECT":"bennys-3c368","EVENTARC_CLOUD_EVENT_SOURCE":"projects/bennys-3c368/locations/us-central1/functions/createLinkToken"},"runtime":"nodejs20","buildId":"3a2bcf31-8db5-4425-9b5e-411d407f3186","buildEnvironmentVariables":{"GOOGLE_NODE_RUN_SCRIPTS":""},"buildName":"projects/244592447334/locations/us-central1/builds/3a2bcf31-8db5-4425-9b5e-411d407f3186","dockerRegistry":"ARTIFACT_REGISTRY","automaticUpdatePolicy":{},"buildServiceAccount":"projects/bennys-3c368/serviceAccounts/244592447334-compute@developer.gserviceaccount.com"},"versionId":"17","updateTime":"2026-07-15T18:56:33Z"}}
[debug] [2026-07-15T18:56:35.092Z] [create-default-us-central1-deleteAccount] Retrying task index 0
[debug] [2026-07-15T18:56:35.092Z] Checked if tokens are valid: true, expires at: 1784145377392
[debug] [2026-07-15T18:56:35.092Z] Checked if tokens are valid: true, expires at: 1784145377392
[debug] [2026-07-15T18:56:35.093Z] >>> [apiv2][query] GET https://cloudfunctions.googleapis.com/v1/operations/cHJvamVjdHMvYmVubnlzLTNjMzY4L2xvY2F0aW9ucy91cy1jZW50cmFsMS9vcGVyYXRpb25zL29wZXJhdGlvbi0xNzg0MTQxNzkyODIyLTY1NmFhZTFjYTQzMjItYTkzNWQzZmYtNzQ3YjBhYWE [none]
[debug] [2026-07-15T18:56:35.185Z] [update-default-us-central1-refreshTransactions] Retrying task index 0
[debug] [2026-07-15T18:56:35.186Z] Checked if tokens are valid: true, expires at: 1784145377392
[debug] [2026-07-15T18:56:35.186Z] Checked if tokens are valid: true, expires at: 1784145377392
[debug] [2026-07-15T18:56:35.186Z] >>> [apiv2][query] GET https://cloudfunctions.googleapis.com/v1/operations/YmVubnlzLTNjMzY4L3VzLWNlbnRyYWwxL3JlZnJlc2hUcmFuc2FjdGlvbnMvdUUtWks1NWFkaWs [none]
[debug] [2026-07-15T18:56:35.250Z] <<< [apiv2][status] GET https://cloudfunctions.googleapis.com/v1/operations/cHJvamVjdHMvYmVubnlzLTNjMzY4L2xvY2F0aW9ucy91cy1jZW50cmFsMS9vcGVyYXRpb25zL29wZXJhdGlvbi0xNzg0MTQxNzkyODIyLTY1NmFhZTFjYTQzMjItYTkzNWQzZmYtNzQ3YjBhYWE 200
[debug] [2026-07-15T18:56:35.250Z] <<< [apiv2][body] GET https://cloudfunctions.googleapis.com/v1/operations/cHJvamVjdHMvYmVubnlzLTNjMzY4L2xvY2F0aW9ucy91cy1jZW50cmFsMS9vcGVyYXRpb25zL29wZXJhdGlvbi0xNzg0MTQxNzkyODIyLTY1NmFhZTFjYTQzMjItYTkzNWQzZmYtNzQ3YjBhYWE {"name":"operations/cHJvamVjdHMvYmVubnlzLTNjMzY4L2xvY2F0aW9ucy91cy1jZW50cmFsMS9vcGVyYXRpb25zL29wZXJhdGlvbi0xNzg0MTQxNzkyODIyLTY1NmFhZTFjYTQzMjItYTkzNWQzZmYtNzQ3YjBhYWE","metadata":{"@type":"type.googleapis.com/google.cloud.functions.v1.OperationMetadataV1","target":"projects/bennys-3c368/locations/us-central1/functions/deleteAccount","type":"CREATE_FUNCTION","request":{"@type":"type.googleapis.com/google.cloud.functions.v1.CloudFunction","name":"projects/bennys-3c368/locations/us-central1/functions/deleteAccount","httpsTrigger":{"securityLevel":"SECURE_ALWAYS"},"entryPoint":"deleteAccount","timeout":"300s","availableMemoryMb":512,"updateTime":"1970-01-01T00:00:00Z","labels":{"deployment-tool":"cli-firebase","deployment-callable":"true","firebase-functions-hash":"fdb77daf88dcdea400fb4a27200895910543672d"},"sourceUploadUrl":"https://storage.googleapis.com/uploads-530016672016.us-central1.cloudfunctions.appspot.com/31e1f847-1bbb-4cbe-b27a-f966e5facc36.zip?GoogleAccessId=service-244592447334@gcf-admin-robot.iam.gserviceaccount.com&Expires=1784143592&Signature=vjFOYDT%2BSGDhnBgYdLPiaGSJSa4CjW6LIxoIMkx9Y0Szpv2wu7bHlba65zGRQgbDEVfwXr68zfQAfOgSMZazv%2FPJHvb525NSPfVGEBnsZ1gCBYRUFG0KxurL98EGgAiNm%2BHv0iePZ6teJ7F4NCilFOz%2BlC%2B5oyB4Kf%2B%2BfBeXn2QofbyIIgrVzL59INvdRSXrDPRddwXeNEkqfJvaNL2Du0JjexZezO9H9Rwe5ZmqoMakJNrlzv995o37VMV97WPPvA3uJ3bO1lfVtuspeaHVGqFjYglMbYsnDiu9FKKYrtMV2hZSJrUw0GsY3gMD4pCObddhXIhM0zvr9zYt0EtPAA%3D%3D","environmentVariables":{"FIREBASE_CONFIG":"{\"projectId\":\"bennys-3c368\",\"storageBucket\":\"bennys-3c368.firebasestorage.app\"}","GCLOUD_PROJECT":"bennys-3c368","EVENTARC_CLOUD_EVENT_SOURCE":"projects/bennys-3c368/locations/us-central1/functions/deleteAccount"},"runtime":"nodejs20","buildEnvironmentVariables":{"GOOGLE_NODE_RUN_SCRIPTS":""},"dockerRegistry":"ARTIFACT_REGISTRY"},"versionId":"1","updateTime":"2026-07-15T18:56:33.231474369Z"}}
[debug] [2026-07-15T18:56:35.314Z] <<< [apiv2][status] GET https://cloudfunctions.googleapis.com/v1/operations/YmVubnlzLTNjMzY4L3VzLWNlbnRyYWwxL3JlZnJlc2hUcmFuc2FjdGlvbnMvdUUtWks1NWFkaWs 200
[debug] [2026-07-15T18:56:35.314Z] <<< [apiv2][body] GET https://cloudfunctions.googleapis.com/v1/operations/YmVubnlzLTNjMzY4L3VzLWNlbnRyYWwxL3JlZnJlc2hUcmFuc2FjdGlvbnMvdUUtWks1NWFkaWs {"name":"operations/YmVubnlzLTNjMzY4L3VzLWNlbnRyYWwxL3JlZnJlc2hUcmFuc2FjdGlvbnMvdUUtWks1NWFkaWs","metadata":{"@type":"type.googleapis.com/google.cloud.functions.v1.OperationMetadataV1","target":"projects/bennys-3c368/locations/us-central1/functions/refreshTransactions","type":"UPDATE_FUNCTION","request":{"@type":"type.googleapis.com/google.cloud.functions.v1.CloudFunction","name":"projects/bennys-3c368/locations/us-central1/functions/refreshTransactions","httpsTrigger":{"url":"https://us-central1-bennys-3c368.cloudfunctions.net/refreshTransactions","securityLevel":"SECURE_ALWAYS"},"status":"ACTIVE","entryPoint":"refreshTransactions","timeout":"540s","availableMemoryMb":1024,"updateTime":"2026-06-23T19:53:04.547Z","versionId":"2","labels":{"deployment-tool":"cli-firebase","deployment-callable":"true","firebase-functions-hash":"fdb77daf88dcdea400fb4a27200895910543672d"},"sourceUploadUrl":"https://storage.googleapis.com/uploads-530016672016.us-central1.cloudfunctions.appspot.com/31e1f847-1bbb-4cbe-b27a-f966e5facc36.zip?GoogleAccessId=service-244592447334@gcf-admin-robot.iam.gserviceaccount.com&Expires=1784143592&Signature=vjFOYDT%2BSGDhnBgYdLPiaGSJSa4CjW6LIxoIMkx9Y0Szpv2wu7bHlba65zGRQgbDEVfwXr68zfQAfOgSMZazv%2FPJHvb525NSPfVGEBnsZ1gCBYRUFG0KxurL98EGgAiNm%2BHv0iePZ6teJ7F4NCilFOz%2BlC%2B5oyB4Kf%2B%2BfBeXn2QofbyIIgrVzL59INvdRSXrDPRddwXeNEkqfJvaNL2Du0JjexZezO9H9Rwe5ZmqoMakJNrlzv995o37VMV97WPPvA3uJ3bO1lfVtuspeaHVGqFjYglMbYsnDiu9FKKYrtMV2hZSJrUw0GsY3gMD4pCObddhXIhM0zvr9zYt0EtPAA%3D%3D","environmentVariables":{"FIREBASE_CONFIG":"{\"projectId\":\"bennys-3c368\",\"storageBucket\":\"bennys-3c368.firebasestorage.app\"}","GCLOUD_PROJECT":"bennys-3c368","EVENTARC_CLOUD_EVENT_SOURCE":"projects/bennys-3c368/locations/us-central1/functions/refreshTransactions"},"runtime":"nodejs20","buildId":"34917825-a3fc-4c91-9142-2140232f619e","buildEnvironmentVariables":{"GOOGLE_NODE_RUN_SCRIPTS":""},"buildName":"projects/244592447334/locations/us-central1/builds/34917825-a3fc-4c91-9142-2140232f619e","dockerRegistry":"ARTIFACT_REGISTRY","automaticUpdatePolicy":{},"buildServiceAccount":"projects/bennys-3c368/serviceAccounts/244592447334-compute@developer.gserviceaccount.com"},"versionId":"3","updateTime":"2026-07-15T18:56:33Z","buildId":"8fb14b73-24be-4016-933e-5bdce0788f9a","buildName":"projects/244592447334/locations/us-central1/builds/8fb14b73-24be-4016-933e-5bdce0788f9a"}}
[debug] [2026-07-15T18:56:35.345Z] [update-default-us-central1-createLinkToken] Retrying task index 0
[debug] [2026-07-15T18:56:35.345Z] Checked if tokens are valid: true, expires at: 1784145377392
[debug] [2026-07-15T18:56:35.345Z] Checked if tokens are valid: true, expires at: 1784145377392
[debug] [2026-07-15T18:56:35.345Z] >>> [apiv2][query] GET https://cloudfunctions.googleapis.com/v1/operations/YmVubnlzLTNjMzY4L3VzLWNlbnRyYWwxL2NyZWF0ZUxpbmtUb2tlbi9XWVp5a0Z1bTZ5MA [none]
[debug] [2026-07-15T18:56:35.544Z] <<< [apiv2][status] GET https://cloudfunctions.googleapis.com/v1/operations/YmVubnlzLTNjMzY4L3VzLWNlbnRyYWwxL2NyZWF0ZUxpbmtUb2tlbi9XWVp5a0Z1bTZ5MA 200
[debug] [2026-07-15T18:56:35.544Z] <<< [apiv2][body] GET https://cloudfunctions.googleapis.com/v1/operations/YmVubnlzLTNjMzY4L3VzLWNlbnRyYWwxL2NyZWF0ZUxpbmtUb2tlbi9XWVp5a0Z1bTZ5MA {"name":"operations/YmVubnlzLTNjMzY4L3VzLWNlbnRyYWwxL2NyZWF0ZUxpbmtUb2tlbi9XWVp5a0Z1bTZ5MA","metadata":{"@type":"type.googleapis.com/google.cloud.functions.v1.OperationMetadataV1","target":"projects/bennys-3c368/locations/us-central1/functions/createLinkToken","type":"UPDATE_FUNCTION","request":{"@type":"type.googleapis.com/google.cloud.functions.v1.CloudFunction","name":"projects/bennys-3c368/locations/us-central1/functions/createLinkToken","httpsTrigger":{"url":"https://us-central1-bennys-3c368.cloudfunctions.net/createLinkToken","securityLevel":"SECURE_ALWAYS"},"status":"ACTIVE","entryPoint":"createLinkToken","updateTime":"2026-06-23T19:53:05.709Z","versionId":"16","labels":{"deployment-tool":"cli-firebase","deployment-callable":"true","firebase-functions-hash":"fdb77daf88dcdea400fb4a27200895910543672d"},"sourceUploadUrl":"https://storage.googleapis.com/uploads-530016672016.us-central1.cloudfunctions.appspot.com/31e1f847-1bbb-4cbe-b27a-f966e5facc36.zip?GoogleAccessId=service-244592447334@gcf-admin-robot.iam.gserviceaccount.com&Expires=1784143592&Signature=vjFOYDT%2BSGDhnBgYdLPiaGSJSa4CjW6LIxoIMkx9Y0Szpv2wu7bHlba65zGRQgbDEVfwXr68zfQAfOgSMZazv%2FPJHvb525NSPfVGEBnsZ1gCBYRUFG0KxurL98EGgAiNm%2BHv0iePZ6teJ7F4NCilFOz%2BlC%2B5oyB4Kf%2B%2BfBeXn2QofbyIIgrVzL59INvdRSXrDPRddwXeNEkqfJvaNL2Du0JjexZezO9H9Rwe5ZmqoMakJNrlzv995o37VMV97WPPvA3uJ3bO1lfVtuspeaHVGqFjYglMbYsnDiu9FKKYrtMV2hZSJrUw0GsY3gMD4pCObddhXIhM0zvr9zYt0EtPAA%3D%3D","environmentVariables":{"FIREBASE_CONFIG":"{\"projectId\":\"bennys-3c368\",\"storageBucket\":\"bennys-3c368.firebasestorage.app\"}","GCLOUD_PROJECT":"bennys-3c368","EVENTARC_CLOUD_EVENT_SOURCE":"projects/bennys-3c368/locations/us-central1/functions/createLinkToken"},"runtime":"nodejs20","buildId":"3a2bcf31-8db5-4425-9b5e-411d407f3186","buildEnvironmentVariables":{"GOOGLE_NODE_RUN_SCRIPTS":""},"buildName":"projects/244592447334/locations/us-central1/builds/3a2bcf31-8db5-4425-9b5e-411d407f3186","dockerRegistry":"ARTIFACT_REGISTRY","automaticUpdatePolicy":{},"buildServiceAccount":"projects/bennys-3c368/serviceAccounts/244592447334-compute@developer.gserviceaccount.com"},"versionId":"17","updateTime":"2026-07-15T18:56:33Z","buildId":"b4c639ca-396f-4538-a344-4790676a014b","buildName":"projects/244592447334/locations/us-central1/builds/b4c639ca-396f-4538-a344-4790676a014b"}}
[debug] [2026-07-15T18:56:37.251Z] [create-default-us-central1-deleteAccount] Retrying task index 0
[debug] [2026-07-15T18:56:37.252Z] Checked if tokens are valid: true, expires at: 1784145377392
[debug] [2026-07-15T18:56:37.252Z] Checked if tokens are valid: true, expires at: 1784145377392
[debug] [2026-07-15T18:56:37.252Z] >>> [apiv2][query] GET https://cloudfunctions.googleapis.com/v1/operations/cHJvamVjdHMvYmVubnlzLTNjMzY4L2xvY2F0aW9ucy91cy1jZW50cmFsMS9vcGVyYXRpb25zL29wZXJhdGlvbi0xNzg0MTQxNzkyODIyLTY1NmFhZTFjYTQzMjItYTkzNWQzZmYtNzQ3YjBhYWE [none]
[debug] [2026-07-15T18:56:37.315Z] [update-default-us-central1-refreshTransactions] Retrying task index 0
[debug] [2026-07-15T18:56:37.315Z] Checked if tokens are valid: true, expires at: 1784145377392
[debug] [2026-07-15T18:56:37.315Z] Checked if tokens are valid: true, expires at: 1784145377392
[debug] [2026-07-15T18:56:37.315Z] >>> [apiv2][query] GET https://cloudfunctions.googleapis.com/v1/operations/YmVubnlzLTNjMzY4L3VzLWNlbnRyYWwxL3JlZnJlc2hUcmFuc2FjdGlvbnMvdUUtWks1NWFkaWs [none]
[debug] [2026-07-15T18:56:37.387Z] <<< [apiv2][status] GET https://cloudfunctions.googleapis.com/v1/operations/cHJvamVjdHMvYmVubnlzLTNjMzY4L2xvY2F0aW9ucy91cy1jZW50cmFsMS9vcGVyYXRpb25zL29wZXJhdGlvbi0xNzg0MTQxNzkyODIyLTY1NmFhZTFjYTQzMjItYTkzNWQzZmYtNzQ3YjBhYWE 200
[debug] [2026-07-15T18:56:37.387Z] <<< [apiv2][body] GET https://cloudfunctions.googleapis.com/v1/operations/cHJvamVjdHMvYmVubnlzLTNjMzY4L2xvY2F0aW9ucy91cy1jZW50cmFsMS9vcGVyYXRpb25zL29wZXJhdGlvbi0xNzg0MTQxNzkyODIyLTY1NmFhZTFjYTQzMjItYTkzNWQzZmYtNzQ3YjBhYWE {"name":"operations/cHJvamVjdHMvYmVubnlzLTNjMzY4L2xvY2F0aW9ucy91cy1jZW50cmFsMS9vcGVyYXRpb25zL29wZXJhdGlvbi0xNzg0MTQxNzkyODIyLTY1NmFhZTFjYTQzMjItYTkzNWQzZmYtNzQ3YjBhYWE","metadata":{"@type":"type.googleapis.com/google.cloud.functions.v1.OperationMetadataV1","target":"projects/bennys-3c368/locations/us-central1/functions/deleteAccount","type":"CREATE_FUNCTION","request":{"@type":"type.googleapis.com/google.cloud.functions.v1.CloudFunction","name":"projects/bennys-3c368/locations/us-central1/functions/deleteAccount","httpsTrigger":{"securityLevel":"SECURE_ALWAYS"},"entryPoint":"deleteAccount","timeout":"300s","availableMemoryMb":512,"updateTime":"1970-01-01T00:00:00Z","labels":{"deployment-tool":"cli-firebase","deployment-callable":"true","firebase-functions-hash":"fdb77daf88dcdea400fb4a27200895910543672d"},"sourceUploadUrl":"https://storage.googleapis.com/uploads-530016672016.us-central1.cloudfunctions.appspot.com/31e1f847-1bbb-4cbe-b27a-f966e5facc36.zip?GoogleAccessId=service-244592447334@gcf-admin-robot.iam.gserviceaccount.com&Expires=1784143592&Signature=vjFOYDT%2BSGDhnBgYdLPiaGSJSa4CjW6LIxoIMkx9Y0Szpv2wu7bHlba65zGRQgbDEVfwXr68zfQAfOgSMZazv%2FPJHvb525NSPfVGEBnsZ1gCBYRUFG0KxurL98EGgAiNm%2BHv0iePZ6teJ7F4NCilFOz%2BlC%2B5oyB4Kf%2B%2BfBeXn2QofbyIIgrVzL59INvdRSXrDPRddwXeNEkqfJvaNL2Du0JjexZezO9H9Rwe5ZmqoMakJNrlzv995o37VMV97WPPvA3uJ3bO1lfVtuspeaHVGqFjYglMbYsnDiu9FKKYrtMV2hZSJrUw0GsY3gMD4pCObddhXIhM0zvr9zYt0EtPAA%3D%3D","environmentVariables":{"FIREBASE_CONFIG":"{\"projectId\":\"bennys-3c368\",\"storageBucket\":\"bennys-3c368.firebasestorage.app\"}","GCLOUD_PROJECT":"bennys-3c368","EVENTARC_CLOUD_EVENT_SOURCE":"projects/bennys-3c368/locations/us-central1/functions/deleteAccount"},"runtime":"nodejs20","buildEnvironmentVariables":{"GOOGLE_NODE_RUN_SCRIPTS":""},"dockerRegistry":"ARTIFACT_REGISTRY"},"versionId":"1","updateTime":"2026-07-15T18:56:33.231474369Z","buildId":"a767f087-824b-45e0-88ee-a2a9bb3e37b3","buildName":"projects/244592447334/locations/us-central1/builds/a767f087-824b-45e0-88ee-a2a9bb3e37b3"}}
[debug] [2026-07-15T18:56:37.430Z] <<< [apiv2][status] GET https://cloudfunctions.googleapis.com/v1/operations/YmVubnlzLTNjMzY4L3VzLWNlbnRyYWwxL3JlZnJlc2hUcmFuc2FjdGlvbnMvdUUtWks1NWFkaWs 200
[debug] [2026-07-15T18:56:37.430Z] <<< [apiv2][body] GET https://cloudfunctions.googleapis.com/v1/operations/YmVubnlzLTNjMzY4L3VzLWNlbnRyYWwxL3JlZnJlc2hUcmFuc2FjdGlvbnMvdUUtWks1NWFkaWs {"name":"operations/YmVubnlzLTNjMzY4L3VzLWNlbnRyYWwxL3JlZnJlc2hUcmFuc2FjdGlvbnMvdUUtWks1NWFkaWs","metadata":{"@type":"type.googleapis.com/google.cloud.functions.v1.OperationMetadataV1","target":"projects/bennys-3c368/locations/us-central1/functions/refreshTransactions","type":"UPDATE_FUNCTION","request":{"@type":"type.googleapis.com/google.cloud.functions.v1.CloudFunction","name":"projects/bennys-3c368/locations/us-central1/functions/refreshTransactions","httpsTrigger":{"url":"https://us-central1-bennys-3c368.cloudfunctions.net/refreshTransactions","securityLevel":"SECURE_ALWAYS"},"status":"ACTIVE","entryPoint":"refreshTransactions","timeout":"540s","availableMemoryMb":1024,"updateTime":"2026-06-23T19:53:04.547Z","versionId":"2","labels":{"deployment-tool":"cli-firebase","deployment-callable":"true","firebase-functions-hash":"fdb77daf88dcdea400fb4a27200895910543672d"},"sourceUploadUrl":"https://storage.googleapis.com/uploads-530016672016.us-central1.cloudfunctions.appspot.com/31e1f847-1bbb-4cbe-b27a-f966e5facc36.zip?GoogleAccessId=service-244592447334@gcf-admin-robot.iam.gserviceaccount.com&Expires=1784143592&Signature=vjFOYDT%2BSGDhnBgYdLPiaGSJSa4CjW6LIxoIMkx9Y0Szpv2wu7bHlba65zGRQgbDEVfwXr68zfQAfOgSMZazv%2FPJHvb525NSPfVGEBnsZ1gCBYRUFG0KxurL98EGgAiNm%2BHv0iePZ6teJ7F4NCilFOz%2BlC%2B5oyB4Kf%2B%2BfBeXn2QofbyIIgrVzL59INvdRSXrDPRddwXeNEkqfJvaNL2Du0JjexZezO9H9Rwe5ZmqoMakJNrlzv995o37VMV97WPPvA3uJ3bO1lfVtuspeaHVGqFjYglMbYsnDiu9FKKYrtMV2hZSJrUw0GsY3gMD4pCObddhXIhM0zvr9zYt0EtPAA%3D%3D","environmentVariables":{"FIREBASE_CONFIG":"{\"projectId\":\"bennys-3c368\",\"storageBucket\":\"bennys-3c368.firebasestorage.app\"}","GCLOUD_PROJECT":"bennys-3c368","EVENTARC_CLOUD_EVENT_SOURCE":"projects/bennys-3c368/locations/us-central1/functions/refreshTransactions"},"runtime":"nodejs20","buildId":"34917825-a3fc-4c91-9142-2140232f619e","buildEnvironmentVariables":{"GOOGLE_NODE_RUN_SCRIPTS":""},"buildName":"projects/244592447334/locations/us-central1/builds/34917825-a3fc-4c91-9142-2140232f619e","dockerRegistry":"ARTIFACT_REGISTRY","automaticUpdatePolicy":{},"buildServiceAccount":"projects/bennys-3c368/serviceAccounts/244592447334-compute@developer.gserviceaccount.com"},"versionId":"3","updateTime":"2026-07-15T18:56:33Z","buildId":"8fb14b73-24be-4016-933e-5bdce0788f9a","buildName":"projects/244592447334/locations/us-central1/builds/8fb14b73-24be-4016-933e-5bdce0788f9a"}}
[debug] [2026-07-15T18:56:37.546Z] [update-default-us-central1-createLinkToken] Retrying task index 0
[debug] [2026-07-15T18:56:37.547Z] Checked if tokens are valid: true, expires at: 1784145377392
[debug] [2026-07-15T18:56:37.547Z] Checked if tokens are valid: true, expires at: 1784145377392
[debug] [2026-07-15T18:56:37.547Z] >>> [apiv2][query] GET https://cloudfunctions.googleapis.com/v1/operations/YmVubnlzLTNjMzY4L3VzLWNlbnRyYWwxL2NyZWF0ZUxpbmtUb2tlbi9XWVp5a0Z1bTZ5MA [none]
[debug] [2026-07-15T18:56:37.695Z] <<< [apiv2][status] GET https://cloudfunctions.googleapis.com/v1/operations/YmVubnlzLTNjMzY4L3VzLWNlbnRyYWwxL2NyZWF0ZUxpbmtUb2tlbi9XWVp5a0Z1bTZ5MA 200
[debug] [2026-07-15T18:56:37.695Z] <<< [apiv2][body] GET https://cloudfunctions.googleapis.com/v1/operations/YmVubnlzLTNjMzY4L3VzLWNlbnRyYWwxL2NyZWF0ZUxpbmtUb2tlbi9XWVp5a0Z1bTZ5MA {"name":"operations/YmVubnlzLTNjMzY4L3VzLWNlbnRyYWwxL2NyZWF0ZUxpbmtUb2tlbi9XWVp5a0Z1bTZ5MA","metadata":{"@type":"type.googleapis.com/google.cloud.functions.v1.OperationMetadataV1","target":"projects/bennys-3c368/locations/us-central1/functions/createLinkToken","type":"UPDATE_FUNCTION","request":{"@type":"type.googleapis.com/google.cloud.functions.v1.CloudFunction","name":"projects/bennys-3c368/locations/us-central1/functions/createLinkToken","httpsTrigger":{"url":"https://us-central1-bennys-3c368.cloudfunctions.net/createLinkToken","securityLevel":"SECURE_ALWAYS"},"status":"ACTIVE","entryPoint":"createLinkToken","updateTime":"2026-06-23T19:53:05.709Z","versionId":"16","labels":{"deployment-tool":"cli-firebase","deployment-callable":"true","firebase-functions-hash":"fdb77daf88dcdea400fb4a27200895910543672d"},"sourceUploadUrl":"https://storage.googleapis.com/uploads-530016672016.us-central1.cloudfunctions.appspot.com/31e1f847-1bbb-4cbe-b27a-f966e5facc36.zip?GoogleAccessId=service-244592447334@gcf-admin-robot.iam.gserviceaccount.com&Expires=1784143592&Signature=vjFOYDT%2BSGDhnBgYdLPiaGSJSa4CjW6LIxoIMkx9Y0Szpv2wu7bHlba65zGRQgbDEVfwXr68zfQAfOgSMZazv%2FPJHvb525NSPfVGEBnsZ1gCBYRUFG0KxurL98EGgAiNm%2BHv0iePZ6teJ7F4NCilFOz%2BlC%2B5oyB4Kf%2B%2BfBeXn2QofbyIIgrVzL59INvdRSXrDPRddwXeNEkqfJvaNL2Du0JjexZezO9H9Rwe5ZmqoMakJNrlzv995o37VMV97WPPvA3uJ3bO1lfVtuspeaHVGqFjYglMbYsnDiu9FKKYrtMV2hZSJrUw0GsY3gMD4pCObddhXIhM0zvr9zYt0EtPAA%3D%3D","environmentVariables":{"FIREBASE_CONFIG":"{\"projectId\":\"bennys-3c368\",\"storageBucket\":\"bennys-3c368.firebasestorage.app\"}","GCLOUD_PROJECT":"bennys-3c368","EVENTARC_CLOUD_EVENT_SOURCE":"projects/bennys-3c368/locations/us-central1/functions/createLinkToken"},"runtime":"nodejs20","buildId":"3a2bcf31-8db5-4425-9b5e-411d407f3186","buildEnvironmentVariables":{"GOOGLE_NODE_RUN_SCRIPTS":""},"buildName":"projects/244592447334/locations/us-central1/builds/3a2bcf31-8db5-4425-9b5e-411d407f3186","dockerRegistry":"ARTIFACT_REGISTRY","automaticUpdatePolicy":{},"buildServiceAccount":"projects/bennys-3c368/serviceAccounts/244592447334-compute@developer.gserviceaccount.com"},"versionId":"17","updateTime":"2026-07-15T18:56:33Z","buildId":"b4c639ca-396f-4538-a344-4790676a014b","buildName":"projects/244592447334/locations/us-central1/builds/b4c639ca-396f-4538-a344-4790676a014b"}}
